dgist@stillrunning-IP238:~/catkin_ws$ rosrun dgist_trafficlight inference.py
WARNING:tensorflow:From /home/dgist/catkin_ws/src/dgist_trafficlight/src/inference.py:45: The name tf.ConfigProto is deprecated. Please use tf.compat.v1.ConfigProto instead.

WARNING:tensorflow:From /home/dgist/catkin_ws/src/dgist_trafficlight/src/inference.py:47: The name tf.Session is deprecated. Please use tf.compat.v1.Session instead.

WARNING:tensorflow:From /home/dgist/catkin_ws/src/dgist_trafficlight/src/inference.py:49: The name tf.variable_scope is deprecated. Please use tf.compat.v1.variable_scope instead.

WARNING:tensorflow:From /home/dgist/catkin_ws/src/dgist_trafficlight/src/inference.py:49: The name tf.get_variable_scope is deprecated. Please use tf.compat.v1.get_variable_scope instead.

WARNING:tensorflow:From /home/dgist/catkin_ws/src/dgist_trafficlight/src/inference.py:51: The name tf.placeholder is deprecated. Please use tf.compat.v1.placeholder instead.

<function activation_fn at 0x7fc5980748c8>
model/encoder/resnet_v1_50/conv1
None
model/encoder/resnet_v1_50/block1/unit_1/bottleneck_v1/shortcut
<function activation_fn at 0x7fc5980748c8>
model/encoder/resnet_v1_50/block1/unit_1/bottleneck_v1/conv1
<function activation_fn at 0x7fc5980748c8>
model/encoder/resnet_v1_50/block1/unit_1/bottleneck_v1/conv2
None
model/encoder/resnet_v1_50/block1/unit_1/bottleneck_v1/conv3
<function activation_fn at 0x7fc5980748c8>
model/encoder/resnet_v1_50/block1/unit_2/bottleneck_v1/conv1
<function activation_fn at 0x7fc5980748c8>
model/encoder/resnet_v1_50/block1/unit_2/bottleneck_v1/conv2
None
model/encoder/resnet_v1_50/block1/unit_2/bottleneck_v1/conv3
<function activation_fn at 0x7fc5980748c8>
model/encoder/resnet_v1_50/block1/unit_3/bottleneck_v1/conv1
<function activation_fn at 0x7fc5980748c8>
model/encoder/resnet_v1_50/block1/unit_3/bottleneck_v1/conv2
None
model/encoder/resnet_v1_50/block1/unit_3/bottleneck_v1/conv3
None
model/encoder/resnet_v1_50/block2/unit_1/bottleneck_v1/shortcut
<function activation_fn at 0x7fc5980748c8>
model/encoder/resnet_v1_50/block2/unit_1/bottleneck_v1/conv1
<function activation_fn at 0x7fc5980748c8>
model/encoder/resnet_v1_50/block2/unit_1/bottleneck_v1/conv2
None
model/encoder/resnet_v1_50/block2/unit_1/bottleneck_v1/conv3
<function activation_fn at 0x7fc5980748c8>
model/encoder/resnet_v1_50/block2/unit_2/bottleneck_v1/conv1
<function activation_fn at 0x7fc5980748c8>
model/encoder/resnet_v1_50/block2/unit_2/bottleneck_v1/conv2
None
model/encoder/resnet_v1_50/block2/unit_2/bottleneck_v1/conv3
<function activation_fn at 0x7fc5980748c8>
model/encoder/resnet_v1_50/block2/unit_3/bottleneck_v1/conv1
<function activation_fn at 0x7fc5980748c8>
model/encoder/resnet_v1_50/block2/unit_3/bottleneck_v1/conv2
None
model/encoder/resnet_v1_50/block2/unit_3/bottleneck_v1/conv3
<function activation_fn at 0x7fc5980748c8>
model/encoder/resnet_v1_50/block2/unit_4/bottleneck_v1/conv1
<function activation_fn at 0x7fc5980748c8>
model/encoder/resnet_v1_50/block2/unit_4/bottleneck_v1/conv2
None
model/encoder/resnet_v1_50/block2/unit_4/bottleneck_v1/conv3
None
model/encoder/resnet_v1_50/block3/unit_1/bottleneck_v1/shortcut
<function activation_fn at 0x7fc5980748c8>
model/encoder/resnet_v1_50/block3/unit_1/bottleneck_v1/conv1
<function activation_fn at 0x7fc5980748c8>
model/encoder/resnet_v1_50/block3/unit_1/bottleneck_v1/conv2
None
model/encoder/resnet_v1_50/block3/unit_1/bottleneck_v1/conv3
<function activation_fn at 0x7fc5980748c8>
model/encoder/resnet_v1_50/block3/unit_2/bottleneck_v1/conv1
<function activation_fn at 0x7fc5980748c8>
model/encoder/resnet_v1_50/block3/unit_2/bottleneck_v1/conv2
None
model/encoder/resnet_v1_50/block3/unit_2/bottleneck_v1/conv3
<function activation_fn at 0x7fc5980748c8>
model/encoder/resnet_v1_50/block3/unit_3/bottleneck_v1/conv1
<function activation_fn at 0x7fc5980748c8>
model/encoder/resnet_v1_50/block3/unit_3/bottleneck_v1/conv2
None
model/encoder/resnet_v1_50/block3/unit_3/bottleneck_v1/conv3
<function activation_fn at 0x7fc5980748c8>
model/encoder/resnet_v1_50/block3/unit_4/bottleneck_v1/conv1
<function activation_fn at 0x7fc5980748c8>
model/encoder/resnet_v1_50/block3/unit_4/bottleneck_v1/conv2
None
model/encoder/resnet_v1_50/block3/unit_4/bottleneck_v1/conv3
<function activation_fn at 0x7fc5980748c8>
model/encoder/resnet_v1_50/block3/unit_5/bottleneck_v1/conv1
<function activation_fn at 0x7fc5980748c8>
model/encoder/resnet_v1_50/block3/unit_5/bottleneck_v1/conv2
None
model/encoder/resnet_v1_50/block3/unit_5/bottleneck_v1/conv3
<function activation_fn at 0x7fc5980748c8>
model/encoder/resnet_v1_50/block3/unit_6/bottleneck_v1/conv1
<function activation_fn at 0x7fc5980748c8>
model/encoder/resnet_v1_50/block3/unit_6/bottleneck_v1/conv2
None
model/encoder/resnet_v1_50/block3/unit_6/bottleneck_v1/conv3
None
model/encoder/resnet_v1_50/block4/unit_1/bottleneck_v1/shortcut
<function activation_fn at 0x7fc5980748c8>
model/encoder/resnet_v1_50/block4/unit_1/bottleneck_v1/conv1
<function activation_fn at 0x7fc5980748c8>
model/encoder/resnet_v1_50/block4/unit_1/bottleneck_v1/conv2
None
model/encoder/resnet_v1_50/block4/unit_1/bottleneck_v1/conv3
<function activation_fn at 0x7fc5980748c8>
model/encoder/resnet_v1_50/block4/unit_2/bottleneck_v1/conv1
<function activation_fn at 0x7fc5980748c8>
model/encoder/resnet_v1_50/block4/unit_2/bottleneck_v1/conv2
None
model/encoder/resnet_v1_50/block4/unit_2/bottleneck_v1/conv3
<function activation_fn at 0x7fc5980748c8>
model/encoder/resnet_v1_50/block4/unit_3/bottleneck_v1/conv1
<function activation_fn at 0x7fc5980748c8>
model/encoder/resnet_v1_50/block4/unit_3/bottleneck_v1/conv2
None
model/encoder/resnet_v1_50/block4/unit_3/bottleneck_v1/conv3
None
model/encoder/resnet_v1_50/block5/unit_1/bottleneck_v1/shortcut
<function activation_fn at 0x7fc5980748c8>
model/encoder/resnet_v1_50/block5/unit_1/bottleneck_v1/conv1
<function activation_fn at 0x7fc5980748c8>
model/encoder/resnet_v1_50/block5/unit_1/bottleneck_v1/conv2
None
model/encoder/resnet_v1_50/block5/unit_1/bottleneck_v1/conv3
<function activation_fn at 0x7fc5980748c8>
model/encoder/resnet_v1_50/block5/unit_2/bottleneck_v1/conv1
<function activation_fn at 0x7fc5980748c8>
model/encoder/resnet_v1_50/block5/unit_2/bottleneck_v1/conv2
None
model/encoder/resnet_v1_50/block5/unit_2/bottleneck_v1/conv3
<function activation_fn at 0x7fc5980748c8>
model/encoder/resnet_v1_50/block5/unit_3/bottleneck_v1/conv1
<function activation_fn at 0x7fc5980748c8>
model/encoder/resnet_v1_50/block5/unit_3/bottleneck_v1/conv2
None
model/encoder/resnet_v1_50/block5/unit_3/bottleneck_v1/conv3
None
model/encoder/resnet_v1_50/block6/unit_1/bottleneck_v1/shortcut
<function activation_fn at 0x7fc5980748c8>
model/encoder/resnet_v1_50/block6/unit_1/bottleneck_v1/conv1
<function activation_fn at 0x7fc5980748c8>
model/encoder/resnet_v1_50/block6/unit_1/bottleneck_v1/conv2
None
model/encoder/resnet_v1_50/block6/unit_1/bottleneck_v1/conv3
<function activation_fn at 0x7fc5980748c8>
model/encoder/resnet_v1_50/block6/unit_2/bottleneck_v1/conv1
<function activation_fn at 0x7fc5980748c8>
model/encoder/resnet_v1_50/block6/unit_2/bottleneck_v1/conv2
None
model/encoder/resnet_v1_50/block6/unit_2/bottleneck_v1/conv3
<function activation_fn at 0x7fc5980748c8>
model/encoder/resnet_v1_50/block6/unit_3/bottleneck_v1/conv1
<function activation_fn at 0x7fc5980748c8>
model/encoder/resnet_v1_50/block6/unit_3/bottleneck_v1/conv2
None
model/encoder/resnet_v1_50/block6/unit_3/bottleneck_v1/conv3
None
model/detection/decoder/M5
WARNING:tensorflow:From /home/dgist/catkin_ws/src/dgist_trafficlight/src/backbone/fpn.py:20: The name tf.image.resize_nearest_neighbor is deprecated. Please use tf.compat.v1.image.resize_nearest_neighbor instead.

None
model/detection/decoder/M4
None
model/detection/decoder/M3
None
model/detection/decoder/P5
None
model/detection/decoder/P4
None
model/detection/decoder/P3
None
model/detection/decoder/P6
None
model/detection/decoder/P7
<function activation_fn at 0x7fc5980748c8>
model/detection/decoder/P3-up
<function activation_fn at 0x7fc5980748c8>
model/detection/decoder/P4-up
<function activation_fn at 0x7fc5980748c8>
model/detection/decoder/P5-up
<function activation_fn at 0x7fc5980748c8>
model/detection/decoder/P6-up
<function activation_fn at 0x7fc5980748c8>
model/dgist_tl/decoder/head/conv1
<function activation_fn at 0x7fc5980748c8>
model/dgist_tl/decoder/head/conv2
<function activation_fn at 0x7fc5980748c8>
model/dgist_tl/decoder/head/conv3
None
model/dgist_tl/decoder/head/conv4
WARNING:tensorflow:From /home/dgist/catkin_ws/src/dgist_trafficlight/src/head/dgist_trafficlight_head.py:26: dense (from tensorflow.python.layers.core) is deprecated and will be removed in a future version.
Instructions for updating:
Use keras.layers.dense instead.
WARNING:tensorflow:From /usr/local/lib/python3.6/dist-packages/tensorflow/python/ops/init_ops.py:1251: calling VarianceScaling.__init__ (from tensorflow.python.ops.init_ops) with dtype is deprecated and will be removed in a future version.
Instructions for updating:
Call initializer instance with the dtype argument instead of passing it to the constructor
<function activation_fn at 0x7fc5980748c8>
model/dgist_tl/decoder/head/conv1
<function activation_fn at 0x7fc5980748c8>
model/dgist_tl/decoder/head/conv2
<function activation_fn at 0x7fc5980748c8>
model/dgist_tl/decoder/head/conv3
None
model/dgist_tl/decoder/head/conv4
<function activation_fn at 0x7fc5980748c8>
model/dgist_tl/decoder/head/conv1
<function activation_fn at 0x7fc5980748c8>
model/dgist_tl/decoder/head/conv2
<function activation_fn at 0x7fc5980748c8>
model/dgist_tl/decoder/head/conv3
None
model/dgist_tl/decoder/head/conv4
<function activation_fn at 0x7fc5980748c8>
model/dgist_tl/decoder/head/conv1
<function activation_fn at 0x7fc5980748c8>
model/dgist_tl/decoder/head/conv2
<function activation_fn at 0x7fc5980748c8>
model/dgist_tl/decoder/head/conv3
None
model/dgist_tl/decoder/head/conv4
<function activation_fn at 0x7fc5980748c8>
model/dgist_tl/decoder/head/conv1
<function activation_fn at 0x7fc5980748c8>
model/dgist_tl/decoder/head/conv2
<function activation_fn at 0x7fc5980748c8>
model/dgist_tl/decoder/head/conv3
None
model/dgist_tl/decoder/head/conv4
WARNING:tensorflow:From /usr/local/lib/python3.6/dist-packages/tensorflow/python/util/decorator_utils.py:145: GraphKeys.VARIABLES (from tensorflow.python.framework.ops) is deprecated and will be removed in a future version.
Instructions for updating:
Use `tf.GraphKeys.GLOBAL_VARIABLES` instead.
model/encoder/resnet_v1_50/conv1/weights exists
model/encoder/resnet_v1_50/conv1/weights exists
model/encoder/resnet_v1_50/conv1/BatchNorm/beta exists
model/encoder/resnet_v1_50/conv1/BatchNorm/beta exists
model/encoder/resnet_v1_50/conv1/BatchNorm/gamma exists
model/encoder/resnet_v1_50/conv1/BatchNorm/gamma exists
model/encoder/resnet_v1_50/conv1/BatchNorm/moving_mean exists
model/encoder/resnet_v1_50/conv1/BatchNorm/moving_mean exists
model/encoder/resnet_v1_50/conv1/BatchNorm/moving_variance exists
model/encoder/resnet_v1_50/conv1/BatchNorm/moving_variance exists
model/encoder/resnet_v1_50/block1/unit_1/bottleneck_v1/shortcut/weights exists
model/encoder/resnet_v1_50/block1/unit_1/bottleneck_v1/shortcut/weights exists
model/encoder/resnet_v1_50/block1/unit_1/bottleneck_v1/shortcut/BatchNorm/beta exists
model/encoder/resnet_v1_50/block1/unit_1/bottleneck_v1/shortcut/BatchNorm/beta exists
model/encoder/resnet_v1_50/block1/unit_1/bottleneck_v1/shortcut/BatchNorm/gamma exists
model/encoder/resnet_v1_50/block1/unit_1/bottleneck_v1/shortcut/BatchNorm/gamma exists
model/encoder/resnet_v1_50/block1/unit_1/bottleneck_v1/shortcut/BatchNorm/moving_mean exists
model/encoder/resnet_v1_50/block1/unit_1/bottleneck_v1/shortcut/BatchNorm/moving_mean exists
model/encoder/resnet_v1_50/block1/unit_1/bottleneck_v1/shortcut/BatchNorm/moving_variance exists
model/encoder/resnet_v1_50/block1/unit_1/bottleneck_v1/shortcut/BatchNorm/moving_variance exists
model/encoder/resnet_v1_50/block1/unit_1/bottleneck_v1/conv1/weights exists
model/encoder/resnet_v1_50/block1/unit_1/bottleneck_v1/conv1/weights exists
model/encoder/resnet_v1_50/block1/unit_1/bottleneck_v1/conv1/BatchNorm/beta exists
model/encoder/resnet_v1_50/block1/unit_1/bottleneck_v1/conv1/BatchNorm/beta exists
model/encoder/resnet_v1_50/block1/unit_1/bottleneck_v1/conv1/BatchNorm/gamma exists
model/encoder/resnet_v1_50/block1/unit_1/bottleneck_v1/conv1/BatchNorm/gamma exists
model/encoder/resnet_v1_50/block1/unit_1/bottleneck_v1/conv1/BatchNorm/moving_mean exists
model/encoder/resnet_v1_50/block1/unit_1/bottleneck_v1/conv1/BatchNorm/moving_mean exists
model/encoder/resnet_v1_50/block1/unit_1/bottleneck_v1/conv1/BatchNorm/moving_variance exists
model/encoder/resnet_v1_50/block1/unit_1/bottleneck_v1/conv1/BatchNorm/moving_variance exists
model/encoder/resnet_v1_50/block1/unit_1/bottleneck_v1/conv2/weights exists
model/encoder/resnet_v1_50/block1/unit_1/bottleneck_v1/conv2/weights exists
model/encoder/resnet_v1_50/block1/unit_1/bottleneck_v1/conv2/BatchNorm/beta exists
model/encoder/resnet_v1_50/block1/unit_1/bottleneck_v1/conv2/BatchNorm/beta exists
model/encoder/resnet_v1_50/block1/unit_1/bottleneck_v1/conv2/BatchNorm/gamma exists
model/encoder/resnet_v1_50/block1/unit_1/bottleneck_v1/conv2/BatchNorm/gamma exists
model/encoder/resnet_v1_50/block1/unit_1/bottleneck_v1/conv2/BatchNorm/moving_mean exists
model/encoder/resnet_v1_50/block1/unit_1/bottleneck_v1/conv2/BatchNorm/moving_mean exists
model/encoder/resnet_v1_50/block1/unit_1/bottleneck_v1/conv2/BatchNorm/moving_variance exists
model/encoder/resnet_v1_50/block1/unit_1/bottleneck_v1/conv2/BatchNorm/moving_variance exists
model/encoder/resnet_v1_50/block1/unit_1/bottleneck_v1/conv3/weights exists
model/encoder/resnet_v1_50/block1/unit_1/bottleneck_v1/conv3/weights exists
model/encoder/resnet_v1_50/block1/unit_1/bottleneck_v1/conv3/BatchNorm/beta exists
model/encoder/resnet_v1_50/block1/unit_1/bottleneck_v1/conv3/BatchNorm/beta exists
model/encoder/resnet_v1_50/block1/unit_1/bottleneck_v1/conv3/BatchNorm/gamma exists
model/encoder/resnet_v1_50/block1/unit_1/bottleneck_v1/conv3/BatchNorm/gamma exists
model/encoder/resnet_v1_50/block1/unit_1/bottleneck_v1/conv3/BatchNorm/moving_mean exists
model/encoder/resnet_v1_50/block1/unit_1/bottleneck_v1/conv3/BatchNorm/moving_mean exists
model/encoder/resnet_v1_50/block1/unit_1/bottleneck_v1/conv3/BatchNorm/moving_variance exists
model/encoder/resnet_v1_50/block1/unit_1/bottleneck_v1/conv3/BatchNorm/moving_variance exists
model/encoder/resnet_v1_50/block1/unit_2/bottleneck_v1/conv1/weights exists
model/encoder/resnet_v1_50/block1/unit_2/bottleneck_v1/conv1/weights exists
model/encoder/resnet_v1_50/block1/unit_2/bottleneck_v1/conv1/BatchNorm/beta exists
model/encoder/resnet_v1_50/block1/unit_2/bottleneck_v1/conv1/BatchNorm/beta exists
model/encoder/resnet_v1_50/block1/unit_2/bottleneck_v1/conv1/BatchNorm/gamma exists
model/encoder/resnet_v1_50/block1/unit_2/bottleneck_v1/conv1/BatchNorm/gamma exists
model/encoder/resnet_v1_50/block1/unit_2/bottleneck_v1/conv1/BatchNorm/moving_mean exists
model/encoder/resnet_v1_50/block1/unit_2/bottleneck_v1/conv1/BatchNorm/moving_mean exists
model/encoder/resnet_v1_50/block1/unit_2/bottleneck_v1/conv1/BatchNorm/moving_variance exists
model/encoder/resnet_v1_50/block1/unit_2/bottleneck_v1/conv1/BatchNorm/moving_variance exists
model/encoder/resnet_v1_50/block1/unit_2/bottleneck_v1/conv2/weights exists
model/encoder/resnet_v1_50/block1/unit_2/bottleneck_v1/conv2/weights exists
model/encoder/resnet_v1_50/block1/unit_2/bottleneck_v1/conv2/BatchNorm/beta exists
model/encoder/resnet_v1_50/block1/unit_2/bottleneck_v1/conv2/BatchNorm/beta exists
model/encoder/resnet_v1_50/block1/unit_2/bottleneck_v1/conv2/BatchNorm/gamma exists
model/encoder/resnet_v1_50/block1/unit_2/bottleneck_v1/conv2/BatchNorm/gamma exists
model/encoder/resnet_v1_50/block1/unit_2/bottleneck_v1/conv2/BatchNorm/moving_mean exists
model/encoder/resnet_v1_50/block1/unit_2/bottleneck_v1/conv2/BatchNorm/moving_mean exists
model/encoder/resnet_v1_50/block1/unit_2/bottleneck_v1/conv2/BatchNorm/moving_variance exists
model/encoder/resnet_v1_50/block1/unit_2/bottleneck_v1/conv2/BatchNorm/moving_variance exists
model/encoder/resnet_v1_50/block1/unit_2/bottleneck_v1/conv3/weights exists
model/encoder/resnet_v1_50/block1/unit_2/bottleneck_v1/conv3/weights exists
model/encoder/resnet_v1_50/block1/unit_2/bottleneck_v1/conv3/BatchNorm/beta exists
model/encoder/resnet_v1_50/block1/unit_2/bottleneck_v1/conv3/BatchNorm/beta exists
model/encoder/resnet_v1_50/block1/unit_2/bottleneck_v1/conv3/BatchNorm/gamma exists
model/encoder/resnet_v1_50/block1/unit_2/bottleneck_v1/conv3/BatchNorm/gamma exists
model/encoder/resnet_v1_50/block1/unit_2/bottleneck_v1/conv3/BatchNorm/moving_mean exists
model/encoder/resnet_v1_50/block1/unit_2/bottleneck_v1/conv3/BatchNorm/moving_mean exists
model/encoder/resnet_v1_50/block1/unit_2/bottleneck_v1/conv3/BatchNorm/moving_variance exists
model/encoder/resnet_v1_50/block1/unit_2/bottleneck_v1/conv3/BatchNorm/moving_variance exists
model/encoder/resnet_v1_50/block1/unit_3/bottleneck_v1/conv1/weights exists
model/encoder/resnet_v1_50/block1/unit_3/bottleneck_v1/conv1/weights exists
model/encoder/resnet_v1_50/block1/unit_3/bottleneck_v1/conv1/BatchNorm/beta exists
model/encoder/resnet_v1_50/block1/unit_3/bottleneck_v1/conv1/BatchNorm/beta exists
model/encoder/resnet_v1_50/block1/unit_3/bottleneck_v1/conv1/BatchNorm/gamma exists
model/encoder/resnet_v1_50/block1/unit_3/bottleneck_v1/conv1/BatchNorm/gamma exists
model/encoder/resnet_v1_50/block1/unit_3/bottleneck_v1/conv1/BatchNorm/moving_mean exists
model/encoder/resnet_v1_50/block1/unit_3/bottleneck_v1/conv1/BatchNorm/moving_mean exists
model/encoder/resnet_v1_50/block1/unit_3/bottleneck_v1/conv1/BatchNorm/moving_variance exists
model/encoder/resnet_v1_50/block1/unit_3/bottleneck_v1/conv1/BatchNorm/moving_variance exists
model/encoder/resnet_v1_50/block1/unit_3/bottleneck_v1/conv2/weights exists
model/encoder/resnet_v1_50/block1/unit_3/bottleneck_v1/conv2/weights exists
model/encoder/resnet_v1_50/block1/unit_3/bottleneck_v1/conv2/BatchNorm/beta exists
model/encoder/resnet_v1_50/block1/unit_3/bottleneck_v1/conv2/BatchNorm/beta exists
model/encoder/resnet_v1_50/block1/unit_3/bottleneck_v1/conv2/BatchNorm/gamma exists
model/encoder/resnet_v1_50/block1/unit_3/bottleneck_v1/conv2/BatchNorm/gamma exists
model/encoder/resnet_v1_50/block1/unit_3/bottleneck_v1/conv2/BatchNorm/moving_mean exists
model/encoder/resnet_v1_50/block1/unit_3/bottleneck_v1/conv2/BatchNorm/moving_mean exists
model/encoder/resnet_v1_50/block1/unit_3/bottleneck_v1/conv2/BatchNorm/moving_variance exists
model/encoder/resnet_v1_50/block1/unit_3/bottleneck_v1/conv2/BatchNorm/moving_variance exists
model/encoder/resnet_v1_50/block1/unit_3/bottleneck_v1/conv3/weights exists
model/encoder/resnet_v1_50/block1/unit_3/bottleneck_v1/conv3/weights exists
model/encoder/resnet_v1_50/block1/unit_3/bottleneck_v1/conv3/BatchNorm/beta exists
model/encoder/resnet_v1_50/block1/unit_3/bottleneck_v1/conv3/BatchNorm/beta exists
model/encoder/resnet_v1_50/block1/unit_3/bottleneck_v1/conv3/BatchNorm/gamma exists
model/encoder/resnet_v1_50/block1/unit_3/bottleneck_v1/conv3/BatchNorm/gamma exists
model/encoder/resnet_v1_50/block1/unit_3/bottleneck_v1/conv3/BatchNorm/moving_mean exists
model/encoder/resnet_v1_50/block1/unit_3/bottleneck_v1/conv3/BatchNorm/moving_mean exists
model/encoder/resnet_v1_50/block1/unit_3/bottleneck_v1/conv3/BatchNorm/moving_variance exists
model/encoder/resnet_v1_50/block1/unit_3/bottleneck_v1/conv3/BatchNorm/moving_variance exists
model/encoder/resnet_v1_50/block2/unit_1/bottleneck_v1/shortcut/weights exists
model/encoder/resnet_v1_50/block2/unit_1/bottleneck_v1/shortcut/weights exists
model/encoder/resnet_v1_50/block2/unit_1/bottleneck_v1/shortcut/BatchNorm/beta exists
model/encoder/resnet_v1_50/block2/unit_1/bottleneck_v1/shortcut/BatchNorm/beta exists
model/encoder/resnet_v1_50/block2/unit_1/bottleneck_v1/shortcut/BatchNorm/gamma exists
model/encoder/resnet_v1_50/block2/unit_1/bottleneck_v1/shortcut/BatchNorm/gamma exists
model/encoder/resnet_v1_50/block2/unit_1/bottleneck_v1/shortcut/BatchNorm/moving_mean exists
model/encoder/resnet_v1_50/block2/unit_1/bottleneck_v1/shortcut/BatchNorm/moving_mean exists
model/encoder/resnet_v1_50/block2/unit_1/bottleneck_v1/shortcut/BatchNorm/moving_variance exists
model/encoder/resnet_v1_50/block2/unit_1/bottleneck_v1/shortcut/BatchNorm/moving_variance exists
model/encoder/resnet_v1_50/block2/unit_1/bottleneck_v1/conv1/weights exists
model/encoder/resnet_v1_50/block2/unit_1/bottleneck_v1/conv1/weights exists
model/encoder/resnet_v1_50/block2/unit_1/bottleneck_v1/conv1/BatchNorm/beta exists
model/encoder/resnet_v1_50/block2/unit_1/bottleneck_v1/conv1/BatchNorm/beta exists
model/encoder/resnet_v1_50/block2/unit_1/bottleneck_v1/conv1/BatchNorm/gamma exists
model/encoder/resnet_v1_50/block2/unit_1/bottleneck_v1/conv1/BatchNorm/gamma exists
model/encoder/resnet_v1_50/block2/unit_1/bottleneck_v1/conv1/BatchNorm/moving_mean exists
model/encoder/resnet_v1_50/block2/unit_1/bottleneck_v1/conv1/BatchNorm/moving_mean exists
model/encoder/resnet_v1_50/block2/unit_1/bottleneck_v1/conv1/BatchNorm/moving_variance exists
model/encoder/resnet_v1_50/block2/unit_1/bottleneck_v1/conv1/BatchNorm/moving_variance exists
model/encoder/resnet_v1_50/block2/unit_1/bottleneck_v1/conv2/weights exists
model/encoder/resnet_v1_50/block2/unit_1/bottleneck_v1/conv2/weights exists
model/encoder/resnet_v1_50/block2/unit_1/bottleneck_v1/conv2/BatchNorm/beta exists
model/encoder/resnet_v1_50/block2/unit_1/bottleneck_v1/conv2/BatchNorm/beta exists
model/encoder/resnet_v1_50/block2/unit_1/bottleneck_v1/conv2/BatchNorm/gamma exists
model/encoder/resnet_v1_50/block2/unit_1/bottleneck_v1/conv2/BatchNorm/gamma exists
model/encoder/resnet_v1_50/block2/unit_1/bottleneck_v1/conv2/BatchNorm/moving_mean exists
model/encoder/resnet_v1_50/block2/unit_1/bottleneck_v1/conv2/BatchNorm/moving_mean exists
model/encoder/resnet_v1_50/block2/unit_1/bottleneck_v1/conv2/BatchNorm/moving_variance exists
model/encoder/resnet_v1_50/block2/unit_1/bottleneck_v1/conv2/BatchNorm/moving_variance exists
model/encoder/resnet_v1_50/block2/unit_1/bottleneck_v1/conv3/weights exists
model/encoder/resnet_v1_50/block2/unit_1/bottleneck_v1/conv3/weights exists
model/encoder/resnet_v1_50/block2/unit_1/bottleneck_v1/conv3/BatchNorm/beta exists
model/encoder/resnet_v1_50/block2/unit_1/bottleneck_v1/conv3/BatchNorm/beta exists
model/encoder/resnet_v1_50/block2/unit_1/bottleneck_v1/conv3/BatchNorm/gamma exists
model/encoder/resnet_v1_50/block2/unit_1/bottleneck_v1/conv3/BatchNorm/gamma exists
model/encoder/resnet_v1_50/block2/unit_1/bottleneck_v1/conv3/BatchNorm/moving_mean exists
model/encoder/resnet_v1_50/block2/unit_1/bottleneck_v1/conv3/BatchNorm/moving_mean exists
model/encoder/resnet_v1_50/block2/unit_1/bottleneck_v1/conv3/BatchNorm/moving_variance exists
model/encoder/resnet_v1_50/block2/unit_1/bottleneck_v1/conv3/BatchNorm/moving_variance exists
model/encoder/resnet_v1_50/block2/unit_2/bottleneck_v1/conv1/weights exists
model/encoder/resnet_v1_50/block2/unit_2/bottleneck_v1/conv1/weights exists
model/encoder/resnet_v1_50/block2/unit_2/bottleneck_v1/conv1/BatchNorm/beta exists
model/encoder/resnet_v1_50/block2/unit_2/bottleneck_v1/conv1/BatchNorm/beta exists
model/encoder/resnet_v1_50/block2/unit_2/bottleneck_v1/conv1/BatchNorm/gamma exists
model/encoder/resnet_v1_50/block2/unit_2/bottleneck_v1/conv1/BatchNorm/gamma exists
model/encoder/resnet_v1_50/block2/unit_2/bottleneck_v1/conv1/BatchNorm/moving_mean exists
model/encoder/resnet_v1_50/block2/unit_2/bottleneck_v1/conv1/BatchNorm/moving_mean exists
model/encoder/resnet_v1_50/block2/unit_2/bottleneck_v1/conv1/BatchNorm/moving_variance exists
model/encoder/resnet_v1_50/block2/unit_2/bottleneck_v1/conv1/BatchNorm/moving_variance exists
model/encoder/resnet_v1_50/block2/unit_2/bottleneck_v1/conv2/weights exists
model/encoder/resnet_v1_50/block2/unit_2/bottleneck_v1/conv2/weights exists
model/encoder/resnet_v1_50/block2/unit_2/bottleneck_v1/conv2/BatchNorm/beta exists
model/encoder/resnet_v1_50/block2/unit_2/bottleneck_v1/conv2/BatchNorm/beta exists
model/encoder/resnet_v1_50/block2/unit_2/bottleneck_v1/conv2/BatchNorm/gamma exists
model/encoder/resnet_v1_50/block2/unit_2/bottleneck_v1/conv2/BatchNorm/gamma exists
model/encoder/resnet_v1_50/block2/unit_2/bottleneck_v1/conv2/BatchNorm/moving_mean exists
model/encoder/resnet_v1_50/block2/unit_2/bottleneck_v1/conv2/BatchNorm/moving_mean exists
model/encoder/resnet_v1_50/block2/unit_2/bottleneck_v1/conv2/BatchNorm/moving_variance exists
model/encoder/resnet_v1_50/block2/unit_2/bottleneck_v1/conv2/BatchNorm/moving_variance exists
model/encoder/resnet_v1_50/block2/unit_2/bottleneck_v1/conv3/weights exists
model/encoder/resnet_v1_50/block2/unit_2/bottleneck_v1/conv3/weights exists
model/encoder/resnet_v1_50/block2/unit_2/bottleneck_v1/conv3/BatchNorm/beta exists
model/encoder/resnet_v1_50/block2/unit_2/bottleneck_v1/conv3/BatchNorm/beta exists
model/encoder/resnet_v1_50/block2/unit_2/bottleneck_v1/conv3/BatchNorm/gamma exists
model/encoder/resnet_v1_50/block2/unit_2/bottleneck_v1/conv3/BatchNorm/gamma exists
model/encoder/resnet_v1_50/block2/unit_2/bottleneck_v1/conv3/BatchNorm/moving_mean exists
model/encoder/resnet_v1_50/block2/unit_2/bottleneck_v1/conv3/BatchNorm/moving_mean exists
model/encoder/resnet_v1_50/block2/unit_2/bottleneck_v1/conv3/BatchNorm/moving_variance exists
model/encoder/resnet_v1_50/block2/unit_2/bottleneck_v1/conv3/BatchNorm/moving_variance exists
model/encoder/resnet_v1_50/block2/unit_3/bottleneck_v1/conv1/weights exists
model/encoder/resnet_v1_50/block2/unit_3/bottleneck_v1/conv1/weights exists
model/encoder/resnet_v1_50/block2/unit_3/bottleneck_v1/conv1/BatchNorm/beta exists
model/encoder/resnet_v1_50/block2/unit_3/bottleneck_v1/conv1/BatchNorm/beta exists
model/encoder/resnet_v1_50/block2/unit_3/bottleneck_v1/conv1/BatchNorm/gamma exists
model/encoder/resnet_v1_50/block2/unit_3/bottleneck_v1/conv1/BatchNorm/gamma exists
model/encoder/resnet_v1_50/block2/unit_3/bottleneck_v1/conv1/BatchNorm/moving_mean exists
model/encoder/resnet_v1_50/block2/unit_3/bottleneck_v1/conv1/BatchNorm/moving_mean exists
model/encoder/resnet_v1_50/block2/unit_3/bottleneck_v1/conv1/BatchNorm/moving_variance exists
model/encoder/resnet_v1_50/block2/unit_3/bottleneck_v1/conv1/BatchNorm/moving_variance exists
model/encoder/resnet_v1_50/block2/unit_3/bottleneck_v1/conv2/weights exists
model/encoder/resnet_v1_50/block2/unit_3/bottleneck_v1/conv2/weights exists
model/encoder/resnet_v1_50/block2/unit_3/bottleneck_v1/conv2/BatchNorm/beta exists
model/encoder/resnet_v1_50/block2/unit_3/bottleneck_v1/conv2/BatchNorm/beta exists
model/encoder/resnet_v1_50/block2/unit_3/bottleneck_v1/conv2/BatchNorm/gamma exists
model/encoder/resnet_v1_50/block2/unit_3/bottleneck_v1/conv2/BatchNorm/gamma exists
model/encoder/resnet_v1_50/block2/unit_3/bottleneck_v1/conv2/BatchNorm/moving_mean exists
model/encoder/resnet_v1_50/block2/unit_3/bottleneck_v1/conv2/BatchNorm/moving_mean exists
model/encoder/resnet_v1_50/block2/unit_3/bottleneck_v1/conv2/BatchNorm/moving_variance exists
model/encoder/resnet_v1_50/block2/unit_3/bottleneck_v1/conv2/BatchNorm/moving_variance exists
model/encoder/resnet_v1_50/block2/unit_3/bottleneck_v1/conv3/weights exists
model/encoder/resnet_v1_50/block2/unit_3/bottleneck_v1/conv3/weights exists
model/encoder/resnet_v1_50/block2/unit_3/bottleneck_v1/conv3/BatchNorm/beta exists
model/encoder/resnet_v1_50/block2/unit_3/bottleneck_v1/conv3/BatchNorm/beta exists
model/encoder/resnet_v1_50/block2/unit_3/bottleneck_v1/conv3/BatchNorm/gamma exists
model/encoder/resnet_v1_50/block2/unit_3/bottleneck_v1/conv3/BatchNorm/gamma exists
model/encoder/resnet_v1_50/block2/unit_3/bottleneck_v1/conv3/BatchNorm/moving_mean exists
model/encoder/resnet_v1_50/block2/unit_3/bottleneck_v1/conv3/BatchNorm/moving_mean exists
model/encoder/resnet_v1_50/block2/unit_3/bottleneck_v1/conv3/BatchNorm/moving_variance exists
model/encoder/resnet_v1_50/block2/unit_3/bottleneck_v1/conv3/BatchNorm/moving_variance exists
model/encoder/resnet_v1_50/block2/unit_4/bottleneck_v1/conv1/weights exists
model/encoder/resnet_v1_50/block2/unit_4/bottleneck_v1/conv1/weights exists
model/encoder/resnet_v1_50/block2/unit_4/bottleneck_v1/conv1/BatchNorm/beta exists
model/encoder/resnet_v1_50/block2/unit_4/bottleneck_v1/conv1/BatchNorm/beta exists
model/encoder/resnet_v1_50/block2/unit_4/bottleneck_v1/conv1/BatchNorm/gamma exists
model/encoder/resnet_v1_50/block2/unit_4/bottleneck_v1/conv1/BatchNorm/gamma exists
model/encoder/resnet_v1_50/block2/unit_4/bottleneck_v1/conv1/BatchNorm/moving_mean exists
model/encoder/resnet_v1_50/block2/unit_4/bottleneck_v1/conv1/BatchNorm/moving_mean exists
model/encoder/resnet_v1_50/block2/unit_4/bottleneck_v1/conv1/BatchNorm/moving_variance exists
model/encoder/resnet_v1_50/block2/unit_4/bottleneck_v1/conv1/BatchNorm/moving_variance exists
model/encoder/resnet_v1_50/block2/unit_4/bottleneck_v1/conv2/weights exists
model/encoder/resnet_v1_50/block2/unit_4/bottleneck_v1/conv2/weights exists
model/encoder/resnet_v1_50/block2/unit_4/bottleneck_v1/conv2/BatchNorm/beta exists
model/encoder/resnet_v1_50/block2/unit_4/bottleneck_v1/conv2/BatchNorm/beta exists
model/encoder/resnet_v1_50/block2/unit_4/bottleneck_v1/conv2/BatchNorm/gamma exists
model/encoder/resnet_v1_50/block2/unit_4/bottleneck_v1/conv2/BatchNorm/gamma exists
model/encoder/resnet_v1_50/block2/unit_4/bottleneck_v1/conv2/BatchNorm/moving_mean exists
model/encoder/resnet_v1_50/block2/unit_4/bottleneck_v1/conv2/BatchNorm/moving_mean exists
model/encoder/resnet_v1_50/block2/unit_4/bottleneck_v1/conv2/BatchNorm/moving_variance exists
model/encoder/resnet_v1_50/block2/unit_4/bottleneck_v1/conv2/BatchNorm/moving_variance exists
model/encoder/resnet_v1_50/block2/unit_4/bottleneck_v1/conv3/weights exists
model/encoder/resnet_v1_50/block2/unit_4/bottleneck_v1/conv3/weights exists
model/encoder/resnet_v1_50/block2/unit_4/bottleneck_v1/conv3/BatchNorm/beta exists
model/encoder/resnet_v1_50/block2/unit_4/bottleneck_v1/conv3/BatchNorm/beta exists
model/encoder/resnet_v1_50/block2/unit_4/bottleneck_v1/conv3/BatchNorm/gamma exists
model/encoder/resnet_v1_50/block2/unit_4/bottleneck_v1/conv3/BatchNorm/gamma exists
model/encoder/resnet_v1_50/block2/unit_4/bottleneck_v1/conv3/BatchNorm/moving_mean exists
model/encoder/resnet_v1_50/block2/unit_4/bottleneck_v1/conv3/BatchNorm/moving_mean exists
model/encoder/resnet_v1_50/block2/unit_4/bottleneck_v1/conv3/BatchNorm/moving_variance exists
model/encoder/resnet_v1_50/block2/unit_4/bottleneck_v1/conv3/BatchNorm/moving_variance exists
model/encoder/resnet_v1_50/block3/unit_1/bottleneck_v1/shortcut/weights exists
model/encoder/resnet_v1_50/block3/unit_1/bottleneck_v1/shortcut/weights exists
model/encoder/resnet_v1_50/block3/unit_1/bottleneck_v1/shortcut/BatchNorm/beta exists
model/encoder/resnet_v1_50/block3/unit_1/bottleneck_v1/shortcut/BatchNorm/beta exists
model/encoder/resnet_v1_50/block3/unit_1/bottleneck_v1/shortcut/BatchNorm/gamma exists
model/encoder/resnet_v1_50/block3/unit_1/bottleneck_v1/shortcut/BatchNorm/gamma exists
model/encoder/resnet_v1_50/block3/unit_1/bottleneck_v1/shortcut/BatchNorm/moving_mean exists
model/encoder/resnet_v1_50/block3/unit_1/bottleneck_v1/shortcut/BatchNorm/moving_mean exists
model/encoder/resnet_v1_50/block3/unit_1/bottleneck_v1/shortcut/BatchNorm/moving_variance exists
model/encoder/resnet_v1_50/block3/unit_1/bottleneck_v1/shortcut/BatchNorm/moving_variance exists
model/encoder/resnet_v1_50/block3/unit_1/bottleneck_v1/conv1/weights exists
model/encoder/resnet_v1_50/block3/unit_1/bottleneck_v1/conv1/weights exists
model/encoder/resnet_v1_50/block3/unit_1/bottleneck_v1/conv1/BatchNorm/beta exists
model/encoder/resnet_v1_50/block3/unit_1/bottleneck_v1/conv1/BatchNorm/beta exists
model/encoder/resnet_v1_50/block3/unit_1/bottleneck_v1/conv1/BatchNorm/gamma exists
model/encoder/resnet_v1_50/block3/unit_1/bottleneck_v1/conv1/BatchNorm/gamma exists
model/encoder/resnet_v1_50/block3/unit_1/bottleneck_v1/conv1/BatchNorm/moving_mean exists
model/encoder/resnet_v1_50/block3/unit_1/bottleneck_v1/conv1/BatchNorm/moving_mean exists
model/encoder/resnet_v1_50/block3/unit_1/bottleneck_v1/conv1/BatchNorm/moving_variance exists
model/encoder/resnet_v1_50/block3/unit_1/bottleneck_v1/conv1/BatchNorm/moving_variance exists
model/encoder/resnet_v1_50/block3/unit_1/bottleneck_v1/conv2/weights exists
model/encoder/resnet_v1_50/block3/unit_1/bottleneck_v1/conv2/weights exists
model/encoder/resnet_v1_50/block3/unit_1/bottleneck_v1/conv2/BatchNorm/beta exists
model/encoder/resnet_v1_50/block3/unit_1/bottleneck_v1/conv2/BatchNorm/beta exists
model/encoder/resnet_v1_50/block3/unit_1/bottleneck_v1/conv2/BatchNorm/gamma exists
model/encoder/resnet_v1_50/block3/unit_1/bottleneck_v1/conv2/BatchNorm/gamma exists
model/encoder/resnet_v1_50/block3/unit_1/bottleneck_v1/conv2/BatchNorm/moving_mean exists
model/encoder/resnet_v1_50/block3/unit_1/bottleneck_v1/conv2/BatchNorm/moving_mean exists
model/encoder/resnet_v1_50/block3/unit_1/bottleneck_v1/conv2/BatchNorm/moving_variance exists
model/encoder/resnet_v1_50/block3/unit_1/bottleneck_v1/conv2/BatchNorm/moving_variance exists
model/encoder/resnet_v1_50/block3/unit_1/bottleneck_v1/conv3/weights exists
model/encoder/resnet_v1_50/block3/unit_1/bottleneck_v1/conv3/weights exists
model/encoder/resnet_v1_50/block3/unit_1/bottleneck_v1/conv3/BatchNorm/beta exists
model/encoder/resnet_v1_50/block3/unit_1/bottleneck_v1/conv3/BatchNorm/beta exists
model/encoder/resnet_v1_50/block3/unit_1/bottleneck_v1/conv3/BatchNorm/gamma exists
model/encoder/resnet_v1_50/block3/unit_1/bottleneck_v1/conv3/BatchNorm/gamma exists
model/encoder/resnet_v1_50/block3/unit_1/bottleneck_v1/conv3/BatchNorm/moving_mean exists
model/encoder/resnet_v1_50/block3/unit_1/bottleneck_v1/conv3/BatchNorm/moving_mean exists
model/encoder/resnet_v1_50/block3/unit_1/bottleneck_v1/conv3/BatchNorm/moving_variance exists
model/encoder/resnet_v1_50/block3/unit_1/bottleneck_v1/conv3/BatchNorm/moving_variance exists
model/encoder/resnet_v1_50/block3/unit_2/bottleneck_v1/conv1/weights exists
model/encoder/resnet_v1_50/block3/unit_2/bottleneck_v1/conv1/weights exists
model/encoder/resnet_v1_50/block3/unit_2/bottleneck_v1/conv1/BatchNorm/beta exists
model/encoder/resnet_v1_50/block3/unit_2/bottleneck_v1/conv1/BatchNorm/beta exists
model/encoder/resnet_v1_50/block3/unit_2/bottleneck_v1/conv1/BatchNorm/gamma exists
model/encoder/resnet_v1_50/block3/unit_2/bottleneck_v1/conv1/BatchNorm/gamma exists
model/encoder/resnet_v1_50/block3/unit_2/bottleneck_v1/conv1/BatchNorm/moving_mean exists
model/encoder/resnet_v1_50/block3/unit_2/bottleneck_v1/conv1/BatchNorm/moving_mean exists
model/encoder/resnet_v1_50/block3/unit_2/bottleneck_v1/conv1/BatchNorm/moving_variance exists
model/encoder/resnet_v1_50/block3/unit_2/bottleneck_v1/conv1/BatchNorm/moving_variance exists
model/encoder/resnet_v1_50/block3/unit_2/bottleneck_v1/conv2/weights exists
model/encoder/resnet_v1_50/block3/unit_2/bottleneck_v1/conv2/weights exists
model/encoder/resnet_v1_50/block3/unit_2/bottleneck_v1/conv2/BatchNorm/beta exists
model/encoder/resnet_v1_50/block3/unit_2/bottleneck_v1/conv2/BatchNorm/beta exists
model/encoder/resnet_v1_50/block3/unit_2/bottleneck_v1/conv2/BatchNorm/gamma exists
model/encoder/resnet_v1_50/block3/unit_2/bottleneck_v1/conv2/BatchNorm/gamma exists
model/encoder/resnet_v1_50/block3/unit_2/bottleneck_v1/conv2/BatchNorm/moving_mean exists
model/encoder/resnet_v1_50/block3/unit_2/bottleneck_v1/conv2/BatchNorm/moving_mean exists
model/encoder/resnet_v1_50/block3/unit_2/bottleneck_v1/conv2/BatchNorm/moving_variance exists
model/encoder/resnet_v1_50/block3/unit_2/bottleneck_v1/conv2/BatchNorm/moving_variance exists
model/encoder/resnet_v1_50/block3/unit_2/bottleneck_v1/conv3/weights exists
model/encoder/resnet_v1_50/block3/unit_2/bottleneck_v1/conv3/weights exists
model/encoder/resnet_v1_50/block3/unit_2/bottleneck_v1/conv3/BatchNorm/beta exists
model/encoder/resnet_v1_50/block3/unit_2/bottleneck_v1/conv3/BatchNorm/beta exists
model/encoder/resnet_v1_50/block3/unit_2/bottleneck_v1/conv3/BatchNorm/gamma exists
model/encoder/resnet_v1_50/block3/unit_2/bottleneck_v1/conv3/BatchNorm/gamma exists
model/encoder/resnet_v1_50/block3/unit_2/bottleneck_v1/conv3/BatchNorm/moving_mean exists
model/encoder/resnet_v1_50/block3/unit_2/bottleneck_v1/conv3/BatchNorm/moving_mean exists
model/encoder/resnet_v1_50/block3/unit_2/bottleneck_v1/conv3/BatchNorm/moving_variance exists
model/encoder/resnet_v1_50/block3/unit_2/bottleneck_v1/conv3/BatchNorm/moving_variance exists
model/encoder/resnet_v1_50/block3/unit_3/bottleneck_v1/conv1/weights exists
model/encoder/resnet_v1_50/block3/unit_3/bottleneck_v1/conv1/weights exists
model/encoder/resnet_v1_50/block3/unit_3/bottleneck_v1/conv1/BatchNorm/beta exists
model/encoder/resnet_v1_50/block3/unit_3/bottleneck_v1/conv1/BatchNorm/beta exists
model/encoder/resnet_v1_50/block3/unit_3/bottleneck_v1/conv1/BatchNorm/gamma exists
model/encoder/resnet_v1_50/block3/unit_3/bottleneck_v1/conv1/BatchNorm/gamma exists
model/encoder/resnet_v1_50/block3/unit_3/bottleneck_v1/conv1/BatchNorm/moving_mean exists
model/encoder/resnet_v1_50/block3/unit_3/bottleneck_v1/conv1/BatchNorm/moving_mean exists
model/encoder/resnet_v1_50/block3/unit_3/bottleneck_v1/conv1/BatchNorm/moving_variance exists
model/encoder/resnet_v1_50/block3/unit_3/bottleneck_v1/conv1/BatchNorm/moving_variance exists
model/encoder/resnet_v1_50/block3/unit_3/bottleneck_v1/conv2/weights exists
model/encoder/resnet_v1_50/block3/unit_3/bottleneck_v1/conv2/weights exists
model/encoder/resnet_v1_50/block3/unit_3/bottleneck_v1/conv2/BatchNorm/beta exists
model/encoder/resnet_v1_50/block3/unit_3/bottleneck_v1/conv2/BatchNorm/beta exists
model/encoder/resnet_v1_50/block3/unit_3/bottleneck_v1/conv2/BatchNorm/gamma exists
model/encoder/resnet_v1_50/block3/unit_3/bottleneck_v1/conv2/BatchNorm/gamma exists
model/encoder/resnet_v1_50/block3/unit_3/bottleneck_v1/conv2/BatchNorm/moving_mean exists
model/encoder/resnet_v1_50/block3/unit_3/bottleneck_v1/conv2/BatchNorm/moving_mean exists
model/encoder/resnet_v1_50/block3/unit_3/bottleneck_v1/conv2/BatchNorm/moving_variance exists
model/encoder/resnet_v1_50/block3/unit_3/bottleneck_v1/conv2/BatchNorm/moving_variance exists
model/encoder/resnet_v1_50/block3/unit_3/bottleneck_v1/conv3/weights exists
model/encoder/resnet_v1_50/block3/unit_3/bottleneck_v1/conv3/weights exists
model/encoder/resnet_v1_50/block3/unit_3/bottleneck_v1/conv3/BatchNorm/beta exists
model/encoder/resnet_v1_50/block3/unit_3/bottleneck_v1/conv3/BatchNorm/beta exists
model/encoder/resnet_v1_50/block3/unit_3/bottleneck_v1/conv3/BatchNorm/gamma exists
model/encoder/resnet_v1_50/block3/unit_3/bottleneck_v1/conv3/BatchNorm/gamma exists
model/encoder/resnet_v1_50/block3/unit_3/bottleneck_v1/conv3/BatchNorm/moving_mean exists
model/encoder/resnet_v1_50/block3/unit_3/bottleneck_v1/conv3/BatchNorm/moving_mean exists
model/encoder/resnet_v1_50/block3/unit_3/bottleneck_v1/conv3/BatchNorm/moving_variance exists
model/encoder/resnet_v1_50/block3/unit_3/bottleneck_v1/conv3/BatchNorm/moving_variance exists
model/encoder/resnet_v1_50/block3/unit_4/bottleneck_v1/conv1/weights exists
model/encoder/resnet_v1_50/block3/unit_4/bottleneck_v1/conv1/weights exists
model/encoder/resnet_v1_50/block3/unit_4/bottleneck_v1/conv1/BatchNorm/beta exists
model/encoder/resnet_v1_50/block3/unit_4/bottleneck_v1/conv1/BatchNorm/beta exists
model/encoder/resnet_v1_50/block3/unit_4/bottleneck_v1/conv1/BatchNorm/gamma exists
model/encoder/resnet_v1_50/block3/unit_4/bottleneck_v1/conv1/BatchNorm/gamma exists
model/encoder/resnet_v1_50/block3/unit_4/bottleneck_v1/conv1/BatchNorm/moving_mean exists
model/encoder/resnet_v1_50/block3/unit_4/bottleneck_v1/conv1/BatchNorm/moving_mean exists
model/encoder/resnet_v1_50/block3/unit_4/bottleneck_v1/conv1/BatchNorm/moving_variance exists
model/encoder/resnet_v1_50/block3/unit_4/bottleneck_v1/conv1/BatchNorm/moving_variance exists
model/encoder/resnet_v1_50/block3/unit_4/bottleneck_v1/conv2/weights exists
model/encoder/resnet_v1_50/block3/unit_4/bottleneck_v1/conv2/weights exists
model/encoder/resnet_v1_50/block3/unit_4/bottleneck_v1/conv2/BatchNorm/beta exists
model/encoder/resnet_v1_50/block3/unit_4/bottleneck_v1/conv2/BatchNorm/beta exists
model/encoder/resnet_v1_50/block3/unit_4/bottleneck_v1/conv2/BatchNorm/gamma exists
model/encoder/resnet_v1_50/block3/unit_4/bottleneck_v1/conv2/BatchNorm/gamma exists
model/encoder/resnet_v1_50/block3/unit_4/bottleneck_v1/conv2/BatchNorm/moving_mean exists
model/encoder/resnet_v1_50/block3/unit_4/bottleneck_v1/conv2/BatchNorm/moving_mean exists
model/encoder/resnet_v1_50/block3/unit_4/bottleneck_v1/conv2/BatchNorm/moving_variance exists
model/encoder/resnet_v1_50/block3/unit_4/bottleneck_v1/conv2/BatchNorm/moving_variance exists
model/encoder/resnet_v1_50/block3/unit_4/bottleneck_v1/conv3/weights exists
model/encoder/resnet_v1_50/block3/unit_4/bottleneck_v1/conv3/weights exists
model/encoder/resnet_v1_50/block3/unit_4/bottleneck_v1/conv3/BatchNorm/beta exists
model/encoder/resnet_v1_50/block3/unit_4/bottleneck_v1/conv3/BatchNorm/beta exists
model/encoder/resnet_v1_50/block3/unit_4/bottleneck_v1/conv3/BatchNorm/gamma exists
model/encoder/resnet_v1_50/block3/unit_4/bottleneck_v1/conv3/BatchNorm/gamma exists
model/encoder/resnet_v1_50/block3/unit_4/bottleneck_v1/conv3/BatchNorm/moving_mean exists
model/encoder/resnet_v1_50/block3/unit_4/bottleneck_v1/conv3/BatchNorm/moving_mean exists
model/encoder/resnet_v1_50/block3/unit_4/bottleneck_v1/conv3/BatchNorm/moving_variance exists
model/encoder/resnet_v1_50/block3/unit_4/bottleneck_v1/conv3/BatchNorm/moving_variance exists
model/encoder/resnet_v1_50/block3/unit_5/bottleneck_v1/conv1/weights exists
model/encoder/resnet_v1_50/block3/unit_5/bottleneck_v1/conv1/weights exists
model/encoder/resnet_v1_50/block3/unit_5/bottleneck_v1/conv1/BatchNorm/beta exists
model/encoder/resnet_v1_50/block3/unit_5/bottleneck_v1/conv1/BatchNorm/beta exists
model/encoder/resnet_v1_50/block3/unit_5/bottleneck_v1/conv1/BatchNorm/gamma exists
model/encoder/resnet_v1_50/block3/unit_5/bottleneck_v1/conv1/BatchNorm/gamma exists
model/encoder/resnet_v1_50/block3/unit_5/bottleneck_v1/conv1/BatchNorm/moving_mean exists
model/encoder/resnet_v1_50/block3/unit_5/bottleneck_v1/conv1/BatchNorm/moving_mean exists
model/encoder/resnet_v1_50/block3/unit_5/bottleneck_v1/conv1/BatchNorm/moving_variance exists
model/encoder/resnet_v1_50/block3/unit_5/bottleneck_v1/conv1/BatchNorm/moving_variance exists
model/encoder/resnet_v1_50/block3/unit_5/bottleneck_v1/conv2/weights exists
model/encoder/resnet_v1_50/block3/unit_5/bottleneck_v1/conv2/weights exists
model/encoder/resnet_v1_50/block3/unit_5/bottleneck_v1/conv2/BatchNorm/beta exists
model/encoder/resnet_v1_50/block3/unit_5/bottleneck_v1/conv2/BatchNorm/beta exists
model/encoder/resnet_v1_50/block3/unit_5/bottleneck_v1/conv2/BatchNorm/gamma exists
model/encoder/resnet_v1_50/block3/unit_5/bottleneck_v1/conv2/BatchNorm/gamma exists
model/encoder/resnet_v1_50/block3/unit_5/bottleneck_v1/conv2/BatchNorm/moving_mean exists
model/encoder/resnet_v1_50/block3/unit_5/bottleneck_v1/conv2/BatchNorm/moving_mean exists
model/encoder/resnet_v1_50/block3/unit_5/bottleneck_v1/conv2/BatchNorm/moving_variance exists
model/encoder/resnet_v1_50/block3/unit_5/bottleneck_v1/conv2/BatchNorm/moving_variance exists
model/encoder/resnet_v1_50/block3/unit_5/bottleneck_v1/conv3/weights exists
model/encoder/resnet_v1_50/block3/unit_5/bottleneck_v1/conv3/weights exists
model/encoder/resnet_v1_50/block3/unit_5/bottleneck_v1/conv3/BatchNorm/beta exists
model/encoder/resnet_v1_50/block3/unit_5/bottleneck_v1/conv3/BatchNorm/beta exists
model/encoder/resnet_v1_50/block3/unit_5/bottleneck_v1/conv3/BatchNorm/gamma exists
model/encoder/resnet_v1_50/block3/unit_5/bottleneck_v1/conv3/BatchNorm/gamma exists
model/encoder/resnet_v1_50/block3/unit_5/bottleneck_v1/conv3/BatchNorm/moving_mean exists
model/encoder/resnet_v1_50/block3/unit_5/bottleneck_v1/conv3/BatchNorm/moving_mean exists
model/encoder/resnet_v1_50/block3/unit_5/bottleneck_v1/conv3/BatchNorm/moving_variance exists
model/encoder/resnet_v1_50/block3/unit_5/bottleneck_v1/conv3/BatchNorm/moving_variance exists
model/encoder/resnet_v1_50/block3/unit_6/bottleneck_v1/conv1/weights exists
model/encoder/resnet_v1_50/block3/unit_6/bottleneck_v1/conv1/weights exists
model/encoder/resnet_v1_50/block3/unit_6/bottleneck_v1/conv1/BatchNorm/beta exists
model/encoder/resnet_v1_50/block3/unit_6/bottleneck_v1/conv1/BatchNorm/beta exists
model/encoder/resnet_v1_50/block3/unit_6/bottleneck_v1/conv1/BatchNorm/gamma exists
model/encoder/resnet_v1_50/block3/unit_6/bottleneck_v1/conv1/BatchNorm/gamma exists
model/encoder/resnet_v1_50/block3/unit_6/bottleneck_v1/conv1/BatchNorm/moving_mean exists
model/encoder/resnet_v1_50/block3/unit_6/bottleneck_v1/conv1/BatchNorm/moving_mean exists
model/encoder/resnet_v1_50/block3/unit_6/bottleneck_v1/conv1/BatchNorm/moving_variance exists
model/encoder/resnet_v1_50/block3/unit_6/bottleneck_v1/conv1/BatchNorm/moving_variance exists
model/encoder/resnet_v1_50/block3/unit_6/bottleneck_v1/conv2/weights exists
model/encoder/resnet_v1_50/block3/unit_6/bottleneck_v1/conv2/weights exists
model/encoder/resnet_v1_50/block3/unit_6/bottleneck_v1/conv2/BatchNorm/beta exists
model/encoder/resnet_v1_50/block3/unit_6/bottleneck_v1/conv2/BatchNorm/beta exists
model/encoder/resnet_v1_50/block3/unit_6/bottleneck_v1/conv2/BatchNorm/gamma exists
model/encoder/resnet_v1_50/block3/unit_6/bottleneck_v1/conv2/BatchNorm/gamma exists
model/encoder/resnet_v1_50/block3/unit_6/bottleneck_v1/conv2/BatchNorm/moving_mean exists
model/encoder/resnet_v1_50/block3/unit_6/bottleneck_v1/conv2/BatchNorm/moving_mean exists
model/encoder/resnet_v1_50/block3/unit_6/bottleneck_v1/conv2/BatchNorm/moving_variance exists
model/encoder/resnet_v1_50/block3/unit_6/bottleneck_v1/conv2/BatchNorm/moving_variance exists
model/encoder/resnet_v1_50/block3/unit_6/bottleneck_v1/conv3/weights exists
model/encoder/resnet_v1_50/block3/unit_6/bottleneck_v1/conv3/weights exists
model/encoder/resnet_v1_50/block3/unit_6/bottleneck_v1/conv3/BatchNorm/beta exists
model/encoder/resnet_v1_50/block3/unit_6/bottleneck_v1/conv3/BatchNorm/beta exists
model/encoder/resnet_v1_50/block3/unit_6/bottleneck_v1/conv3/BatchNorm/gamma exists
model/encoder/resnet_v1_50/block3/unit_6/bottleneck_v1/conv3/BatchNorm/gamma exists
model/encoder/resnet_v1_50/block3/unit_6/bottleneck_v1/conv3/BatchNorm/moving_mean exists
model/encoder/resnet_v1_50/block3/unit_6/bottleneck_v1/conv3/BatchNorm/moving_mean exists
model/encoder/resnet_v1_50/block3/unit_6/bottleneck_v1/conv3/BatchNorm/moving_variance exists
model/encoder/resnet_v1_50/block3/unit_6/bottleneck_v1/conv3/BatchNorm/moving_variance exists
model/encoder/resnet_v1_50/block4/unit_1/bottleneck_v1/shortcut/weights exists
model/encoder/resnet_v1_50/block4/unit_1/bottleneck_v1/shortcut/weights exists
model/encoder/resnet_v1_50/block4/unit_1/bottleneck_v1/shortcut/BatchNorm/beta exists
model/encoder/resnet_v1_50/block4/unit_1/bottleneck_v1/shortcut/BatchNorm/beta exists
model/encoder/resnet_v1_50/block4/unit_1/bottleneck_v1/shortcut/BatchNorm/gamma exists
model/encoder/resnet_v1_50/block4/unit_1/bottleneck_v1/shortcut/BatchNorm/gamma exists
model/encoder/resnet_v1_50/block4/unit_1/bottleneck_v1/shortcut/BatchNorm/moving_mean exists
model/encoder/resnet_v1_50/block4/unit_1/bottleneck_v1/shortcut/BatchNorm/moving_mean exists
model/encoder/resnet_v1_50/block4/unit_1/bottleneck_v1/shortcut/BatchNorm/moving_variance exists
model/encoder/resnet_v1_50/block4/unit_1/bottleneck_v1/shortcut/BatchNorm/moving_variance exists
model/encoder/resnet_v1_50/block4/unit_1/bottleneck_v1/conv1/weights exists
model/encoder/resnet_v1_50/block4/unit_1/bottleneck_v1/conv1/weights exists
model/encoder/resnet_v1_50/block4/unit_1/bottleneck_v1/conv1/BatchNorm/beta exists
model/encoder/resnet_v1_50/block4/unit_1/bottleneck_v1/conv1/BatchNorm/beta exists
model/encoder/resnet_v1_50/block4/unit_1/bottleneck_v1/conv1/BatchNorm/gamma exists
model/encoder/resnet_v1_50/block4/unit_1/bottleneck_v1/conv1/BatchNorm/gamma exists
model/encoder/resnet_v1_50/block4/unit_1/bottleneck_v1/conv1/BatchNorm/moving_mean exists
model/encoder/resnet_v1_50/block4/unit_1/bottleneck_v1/conv1/BatchNorm/moving_mean exists
model/encoder/resnet_v1_50/block4/unit_1/bottleneck_v1/conv1/BatchNorm/moving_variance exists
model/encoder/resnet_v1_50/block4/unit_1/bottleneck_v1/conv1/BatchNorm/moving_variance exists
model/encoder/resnet_v1_50/block4/unit_1/bottleneck_v1/conv2/weights exists
model/encoder/resnet_v1_50/block4/unit_1/bottleneck_v1/conv2/weights exists
model/encoder/resnet_v1_50/block4/unit_1/bottleneck_v1/conv2/BatchNorm/beta exists
model/encoder/resnet_v1_50/block4/unit_1/bottleneck_v1/conv2/BatchNorm/beta exists
model/encoder/resnet_v1_50/block4/unit_1/bottleneck_v1/conv2/BatchNorm/gamma exists
model/encoder/resnet_v1_50/block4/unit_1/bottleneck_v1/conv2/BatchNorm/gamma exists
model/encoder/resnet_v1_50/block4/unit_1/bottleneck_v1/conv2/BatchNorm/moving_mean exists
model/encoder/resnet_v1_50/block4/unit_1/bottleneck_v1/conv2/BatchNorm/moving_mean exists
model/encoder/resnet_v1_50/block4/unit_1/bottleneck_v1/conv2/BatchNorm/moving_variance exists
model/encoder/resnet_v1_50/block4/unit_1/bottleneck_v1/conv2/BatchNorm/moving_variance exists
model/encoder/resnet_v1_50/block4/unit_1/bottleneck_v1/conv3/weights exists
model/encoder/resnet_v1_50/block4/unit_1/bottleneck_v1/conv3/weights exists
model/encoder/resnet_v1_50/block4/unit_1/bottleneck_v1/conv3/BatchNorm/beta exists
model/encoder/resnet_v1_50/block4/unit_1/bottleneck_v1/conv3/BatchNorm/beta exists
model/encoder/resnet_v1_50/block4/unit_1/bottleneck_v1/conv3/BatchNorm/gamma exists
model/encoder/resnet_v1_50/block4/unit_1/bottleneck_v1/conv3/BatchNorm/gamma exists
model/encoder/resnet_v1_50/block4/unit_1/bottleneck_v1/conv3/BatchNorm/moving_mean exists
model/encoder/resnet_v1_50/block4/unit_1/bottleneck_v1/conv3/BatchNorm/moving_mean exists
model/encoder/resnet_v1_50/block4/unit_1/bottleneck_v1/conv3/BatchNorm/moving_variance exists
model/encoder/resnet_v1_50/block4/unit_1/bottleneck_v1/conv3/BatchNorm/moving_variance exists
model/encoder/resnet_v1_50/block4/unit_2/bottleneck_v1/conv1/weights exists
model/encoder/resnet_v1_50/block4/unit_2/bottleneck_v1/conv1/weights exists
model/encoder/resnet_v1_50/block4/unit_2/bottleneck_v1/conv1/BatchNorm/beta exists
model/encoder/resnet_v1_50/block4/unit_2/bottleneck_v1/conv1/BatchNorm/beta exists
model/encoder/resnet_v1_50/block4/unit_2/bottleneck_v1/conv1/BatchNorm/gamma exists
model/encoder/resnet_v1_50/block4/unit_2/bottleneck_v1/conv1/BatchNorm/gamma exists
model/encoder/resnet_v1_50/block4/unit_2/bottleneck_v1/conv1/BatchNorm/moving_mean exists
model/encoder/resnet_v1_50/block4/unit_2/bottleneck_v1/conv1/BatchNorm/moving_mean exists
model/encoder/resnet_v1_50/block4/unit_2/bottleneck_v1/conv1/BatchNorm/moving_variance exists
model/encoder/resnet_v1_50/block4/unit_2/bottleneck_v1/conv1/BatchNorm/moving_variance exists
model/encoder/resnet_v1_50/block4/unit_2/bottleneck_v1/conv2/weights exists
model/encoder/resnet_v1_50/block4/unit_2/bottleneck_v1/conv2/weights exists
model/encoder/resnet_v1_50/block4/unit_2/bottleneck_v1/conv2/BatchNorm/beta exists
model/encoder/resnet_v1_50/block4/unit_2/bottleneck_v1/conv2/BatchNorm/beta exists
model/encoder/resnet_v1_50/block4/unit_2/bottleneck_v1/conv2/BatchNorm/gamma exists
model/encoder/resnet_v1_50/block4/unit_2/bottleneck_v1/conv2/BatchNorm/gamma exists
model/encoder/resnet_v1_50/block4/unit_2/bottleneck_v1/conv2/BatchNorm/moving_mean exists
model/encoder/resnet_v1_50/block4/unit_2/bottleneck_v1/conv2/BatchNorm/moving_mean exists
model/encoder/resnet_v1_50/block4/unit_2/bottleneck_v1/conv2/BatchNorm/moving_variance exists
model/encoder/resnet_v1_50/block4/unit_2/bottleneck_v1/conv2/BatchNorm/moving_variance exists
model/encoder/resnet_v1_50/block4/unit_2/bottleneck_v1/conv3/weights exists
model/encoder/resnet_v1_50/block4/unit_2/bottleneck_v1/conv3/weights exists
model/encoder/resnet_v1_50/block4/unit_2/bottleneck_v1/conv3/BatchNorm/beta exists
model/encoder/resnet_v1_50/block4/unit_2/bottleneck_v1/conv3/BatchNorm/beta exists
model/encoder/resnet_v1_50/block4/unit_2/bottleneck_v1/conv3/BatchNorm/gamma exists
model/encoder/resnet_v1_50/block4/unit_2/bottleneck_v1/conv3/BatchNorm/gamma exists
model/encoder/resnet_v1_50/block4/unit_2/bottleneck_v1/conv3/BatchNorm/moving_mean exists
model/encoder/resnet_v1_50/block4/unit_2/bottleneck_v1/conv3/BatchNorm/moving_mean exists
model/encoder/resnet_v1_50/block4/unit_2/bottleneck_v1/conv3/BatchNorm/moving_variance exists
model/encoder/resnet_v1_50/block4/unit_2/bottleneck_v1/conv3/BatchNorm/moving_variance exists
model/encoder/resnet_v1_50/block4/unit_3/bottleneck_v1/conv1/weights exists
model/encoder/resnet_v1_50/block4/unit_3/bottleneck_v1/conv1/weights exists
model/encoder/resnet_v1_50/block4/unit_3/bottleneck_v1/conv1/BatchNorm/beta exists
model/encoder/resnet_v1_50/block4/unit_3/bottleneck_v1/conv1/BatchNorm/beta exists
model/encoder/resnet_v1_50/block4/unit_3/bottleneck_v1/conv1/BatchNorm/gamma exists
model/encoder/resnet_v1_50/block4/unit_3/bottleneck_v1/conv1/BatchNorm/gamma exists
model/encoder/resnet_v1_50/block4/unit_3/bottleneck_v1/conv1/BatchNorm/moving_mean exists
model/encoder/resnet_v1_50/block4/unit_3/bottleneck_v1/conv1/BatchNorm/moving_mean exists
model/encoder/resnet_v1_50/block4/unit_3/bottleneck_v1/conv1/BatchNorm/moving_variance exists
model/encoder/resnet_v1_50/block4/unit_3/bottleneck_v1/conv1/BatchNorm/moving_variance exists
model/encoder/resnet_v1_50/block4/unit_3/bottleneck_v1/conv2/weights exists
model/encoder/resnet_v1_50/block4/unit_3/bottleneck_v1/conv2/weights exists
model/encoder/resnet_v1_50/block4/unit_3/bottleneck_v1/conv2/BatchNorm/beta exists
model/encoder/resnet_v1_50/block4/unit_3/bottleneck_v1/conv2/BatchNorm/beta exists
model/encoder/resnet_v1_50/block4/unit_3/bottleneck_v1/conv2/BatchNorm/gamma exists
model/encoder/resnet_v1_50/block4/unit_3/bottleneck_v1/conv2/BatchNorm/gamma exists
model/encoder/resnet_v1_50/block4/unit_3/bottleneck_v1/conv2/BatchNorm/moving_mean exists
model/encoder/resnet_v1_50/block4/unit_3/bottleneck_v1/conv2/BatchNorm/moving_mean exists
model/encoder/resnet_v1_50/block4/unit_3/bottleneck_v1/conv2/BatchNorm/moving_variance exists
model/encoder/resnet_v1_50/block4/unit_3/bottleneck_v1/conv2/BatchNorm/moving_variance exists
model/encoder/resnet_v1_50/block4/unit_3/bottleneck_v1/conv3/weights exists
model/encoder/resnet_v1_50/block4/unit_3/bottleneck_v1/conv3/weights exists
model/encoder/resnet_v1_50/block4/unit_3/bottleneck_v1/conv3/BatchNorm/beta exists
model/encoder/resnet_v1_50/block4/unit_3/bottleneck_v1/conv3/BatchNorm/beta exists
model/encoder/resnet_v1_50/block4/unit_3/bottleneck_v1/conv3/BatchNorm/gamma exists
model/encoder/resnet_v1_50/block4/unit_3/bottleneck_v1/conv3/BatchNorm/gamma exists
model/encoder/resnet_v1_50/block4/unit_3/bottleneck_v1/conv3/BatchNorm/moving_mean exists
model/encoder/resnet_v1_50/block4/unit_3/bottleneck_v1/conv3/BatchNorm/moving_mean exists
model/encoder/resnet_v1_50/block4/unit_3/bottleneck_v1/conv3/BatchNorm/moving_variance exists
model/encoder/resnet_v1_50/block4/unit_3/bottleneck_v1/conv3/BatchNorm/moving_variance exists
model/encoder/resnet_v1_50/block5/unit_1/bottleneck_v1/shortcut/weights exists
model/encoder/resnet_v1_50/block5/unit_1/bottleneck_v1/shortcut/weights exists
model/encoder/resnet_v1_50/block5/unit_1/bottleneck_v1/shortcut/BatchNorm/beta exists
model/encoder/resnet_v1_50/block5/unit_1/bottleneck_v1/shortcut/BatchNorm/beta exists
model/encoder/resnet_v1_50/block5/unit_1/bottleneck_v1/shortcut/BatchNorm/gamma exists
model/encoder/resnet_v1_50/block5/unit_1/bottleneck_v1/shortcut/BatchNorm/gamma exists
model/encoder/resnet_v1_50/block5/unit_1/bottleneck_v1/shortcut/BatchNorm/moving_mean exists
model/encoder/resnet_v1_50/block5/unit_1/bottleneck_v1/shortcut/BatchNorm/moving_mean exists
model/encoder/resnet_v1_50/block5/unit_1/bottleneck_v1/shortcut/BatchNorm/moving_variance exists
model/encoder/resnet_v1_50/block5/unit_1/bottleneck_v1/shortcut/BatchNorm/moving_variance exists
model/encoder/resnet_v1_50/block5/unit_1/bottleneck_v1/conv1/weights exists
model/encoder/resnet_v1_50/block5/unit_1/bottleneck_v1/conv1/weights exists
model/encoder/resnet_v1_50/block5/unit_1/bottleneck_v1/conv1/BatchNorm/beta exists
model/encoder/resnet_v1_50/block5/unit_1/bottleneck_v1/conv1/BatchNorm/beta exists
model/encoder/resnet_v1_50/block5/unit_1/bottleneck_v1/conv1/BatchNorm/gamma exists
model/encoder/resnet_v1_50/block5/unit_1/bottleneck_v1/conv1/BatchNorm/gamma exists
model/encoder/resnet_v1_50/block5/unit_1/bottleneck_v1/conv1/BatchNorm/moving_mean exists
model/encoder/resnet_v1_50/block5/unit_1/bottleneck_v1/conv1/BatchNorm/moving_mean exists
model/encoder/resnet_v1_50/block5/unit_1/bottleneck_v1/conv1/BatchNorm/moving_variance exists
model/encoder/resnet_v1_50/block5/unit_1/bottleneck_v1/conv1/BatchNorm/moving_variance exists
model/encoder/resnet_v1_50/block5/unit_1/bottleneck_v1/conv2/weights exists
model/encoder/resnet_v1_50/block5/unit_1/bottleneck_v1/conv2/weights exists
model/encoder/resnet_v1_50/block5/unit_1/bottleneck_v1/conv2/BatchNorm/beta exists
model/encoder/resnet_v1_50/block5/unit_1/bottleneck_v1/conv2/BatchNorm/beta exists
model/encoder/resnet_v1_50/block5/unit_1/bottleneck_v1/conv2/BatchNorm/gamma exists
model/encoder/resnet_v1_50/block5/unit_1/bottleneck_v1/conv2/BatchNorm/gamma exists
model/encoder/resnet_v1_50/block5/unit_1/bottleneck_v1/conv2/BatchNorm/moving_mean exists
model/encoder/resnet_v1_50/block5/unit_1/bottleneck_v1/conv2/BatchNorm/moving_mean exists
model/encoder/resnet_v1_50/block5/unit_1/bottleneck_v1/conv2/BatchNorm/moving_variance exists
model/encoder/resnet_v1_50/block5/unit_1/bottleneck_v1/conv2/BatchNorm/moving_variance exists
model/encoder/resnet_v1_50/block5/unit_1/bottleneck_v1/conv3/weights exists
model/encoder/resnet_v1_50/block5/unit_1/bottleneck_v1/conv3/weights exists
model/encoder/resnet_v1_50/block5/unit_1/bottleneck_v1/conv3/BatchNorm/beta exists
model/encoder/resnet_v1_50/block5/unit_1/bottleneck_v1/conv3/BatchNorm/beta exists
model/encoder/resnet_v1_50/block5/unit_1/bottleneck_v1/conv3/BatchNorm/gamma exists
model/encoder/resnet_v1_50/block5/unit_1/bottleneck_v1/conv3/BatchNorm/gamma exists
model/encoder/resnet_v1_50/block5/unit_1/bottleneck_v1/conv3/BatchNorm/moving_mean exists
model/encoder/resnet_v1_50/block5/unit_1/bottleneck_v1/conv3/BatchNorm/moving_mean exists
model/encoder/resnet_v1_50/block5/unit_1/bottleneck_v1/conv3/BatchNorm/moving_variance exists
model/encoder/resnet_v1_50/block5/unit_1/bottleneck_v1/conv3/BatchNorm/moving_variance exists
model/encoder/resnet_v1_50/block5/unit_2/bottleneck_v1/conv1/weights exists
model/encoder/resnet_v1_50/block5/unit_2/bottleneck_v1/conv1/weights exists
model/encoder/resnet_v1_50/block5/unit_2/bottleneck_v1/conv1/BatchNorm/beta exists
model/encoder/resnet_v1_50/block5/unit_2/bottleneck_v1/conv1/BatchNorm/beta exists
model/encoder/resnet_v1_50/block5/unit_2/bottleneck_v1/conv1/BatchNorm/gamma exists
model/encoder/resnet_v1_50/block5/unit_2/bottleneck_v1/conv1/BatchNorm/gamma exists
model/encoder/resnet_v1_50/block5/unit_2/bottleneck_v1/conv1/BatchNorm/moving_mean exists
model/encoder/resnet_v1_50/block5/unit_2/bottleneck_v1/conv1/BatchNorm/moving_mean exists
model/encoder/resnet_v1_50/block5/unit_2/bottleneck_v1/conv1/BatchNorm/moving_variance exists
model/encoder/resnet_v1_50/block5/unit_2/bottleneck_v1/conv1/BatchNorm/moving_variance exists
model/encoder/resnet_v1_50/block5/unit_2/bottleneck_v1/conv2/weights exists
model/encoder/resnet_v1_50/block5/unit_2/bottleneck_v1/conv2/weights exists
model/encoder/resnet_v1_50/block5/unit_2/bottleneck_v1/conv2/BatchNorm/beta exists
model/encoder/resnet_v1_50/block5/unit_2/bottleneck_v1/conv2/BatchNorm/beta exists
model/encoder/resnet_v1_50/block5/unit_2/bottleneck_v1/conv2/BatchNorm/gamma exists
model/encoder/resnet_v1_50/block5/unit_2/bottleneck_v1/conv2/BatchNorm/gamma exists
model/encoder/resnet_v1_50/block5/unit_2/bottleneck_v1/conv2/BatchNorm/moving_mean exists
model/encoder/resnet_v1_50/block5/unit_2/bottleneck_v1/conv2/BatchNorm/moving_mean exists
model/encoder/resnet_v1_50/block5/unit_2/bottleneck_v1/conv2/BatchNorm/moving_variance exists
model/encoder/resnet_v1_50/block5/unit_2/bottleneck_v1/conv2/BatchNorm/moving_variance exists
model/encoder/resnet_v1_50/block5/unit_2/bottleneck_v1/conv3/weights exists
model/encoder/resnet_v1_50/block5/unit_2/bottleneck_v1/conv3/weights exists
model/encoder/resnet_v1_50/block5/unit_2/bottleneck_v1/conv3/BatchNorm/beta exists
model/encoder/resnet_v1_50/block5/unit_2/bottleneck_v1/conv3/BatchNorm/beta exists
model/encoder/resnet_v1_50/block5/unit_2/bottleneck_v1/conv3/BatchNorm/gamma exists
model/encoder/resnet_v1_50/block5/unit_2/bottleneck_v1/conv3/BatchNorm/gamma exists
model/encoder/resnet_v1_50/block5/unit_2/bottleneck_v1/conv3/BatchNorm/moving_mean exists
model/encoder/resnet_v1_50/block5/unit_2/bottleneck_v1/conv3/BatchNorm/moving_mean exists
model/encoder/resnet_v1_50/block5/unit_2/bottleneck_v1/conv3/BatchNorm/moving_variance exists
model/encoder/resnet_v1_50/block5/unit_2/bottleneck_v1/conv3/BatchNorm/moving_variance exists
model/encoder/resnet_v1_50/block5/unit_3/bottleneck_v1/conv1/weights exists
model/encoder/resnet_v1_50/block5/unit_3/bottleneck_v1/conv1/weights exists
model/encoder/resnet_v1_50/block5/unit_3/bottleneck_v1/conv1/BatchNorm/beta exists
model/encoder/resnet_v1_50/block5/unit_3/bottleneck_v1/conv1/BatchNorm/beta exists
model/encoder/resnet_v1_50/block5/unit_3/bottleneck_v1/conv1/BatchNorm/gamma exists
model/encoder/resnet_v1_50/block5/unit_3/bottleneck_v1/conv1/BatchNorm/gamma exists
model/encoder/resnet_v1_50/block5/unit_3/bottleneck_v1/conv1/BatchNorm/moving_mean exists
model/encoder/resnet_v1_50/block5/unit_3/bottleneck_v1/conv1/BatchNorm/moving_mean exists
model/encoder/resnet_v1_50/block5/unit_3/bottleneck_v1/conv1/BatchNorm/moving_variance exists
model/encoder/resnet_v1_50/block5/unit_3/bottleneck_v1/conv1/BatchNorm/moving_variance exists
model/encoder/resnet_v1_50/block5/unit_3/bottleneck_v1/conv2/weights exists
model/encoder/resnet_v1_50/block5/unit_3/bottleneck_v1/conv2/weights exists
model/encoder/resnet_v1_50/block5/unit_3/bottleneck_v1/conv2/BatchNorm/beta exists
model/encoder/resnet_v1_50/block5/unit_3/bottleneck_v1/conv2/BatchNorm/beta exists
model/encoder/resnet_v1_50/block5/unit_3/bottleneck_v1/conv2/BatchNorm/gamma exists
model/encoder/resnet_v1_50/block5/unit_3/bottleneck_v1/conv2/BatchNorm/gamma exists
model/encoder/resnet_v1_50/block5/unit_3/bottleneck_v1/conv2/BatchNorm/moving_mean exists
model/encoder/resnet_v1_50/block5/unit_3/bottleneck_v1/conv2/BatchNorm/moving_mean exists
model/encoder/resnet_v1_50/block5/unit_3/bottleneck_v1/conv2/BatchNorm/moving_variance exists
model/encoder/resnet_v1_50/block5/unit_3/bottleneck_v1/conv2/BatchNorm/moving_variance exists
model/encoder/resnet_v1_50/block5/unit_3/bottleneck_v1/conv3/weights exists
model/encoder/resnet_v1_50/block5/unit_3/bottleneck_v1/conv3/weights exists
model/encoder/resnet_v1_50/block5/unit_3/bottleneck_v1/conv3/BatchNorm/beta exists
model/encoder/resnet_v1_50/block5/unit_3/bottleneck_v1/conv3/BatchNorm/beta exists
model/encoder/resnet_v1_50/block5/unit_3/bottleneck_v1/conv3/BatchNorm/gamma exists
model/encoder/resnet_v1_50/block5/unit_3/bottleneck_v1/conv3/BatchNorm/gamma exists
model/encoder/resnet_v1_50/block5/unit_3/bottleneck_v1/conv3/BatchNorm/moving_mean exists
model/encoder/resnet_v1_50/block5/unit_3/bottleneck_v1/conv3/BatchNorm/moving_mean exists
model/encoder/resnet_v1_50/block5/unit_3/bottleneck_v1/conv3/BatchNorm/moving_variance exists
model/encoder/resnet_v1_50/block5/unit_3/bottleneck_v1/conv3/BatchNorm/moving_variance exists
model/encoder/resnet_v1_50/block6/unit_1/bottleneck_v1/shortcut/weights exists
model/encoder/resnet_v1_50/block6/unit_1/bottleneck_v1/shortcut/weights exists
model/encoder/resnet_v1_50/block6/unit_1/bottleneck_v1/shortcut/BatchNorm/beta exists
model/encoder/resnet_v1_50/block6/unit_1/bottleneck_v1/shortcut/BatchNorm/beta exists
model/encoder/resnet_v1_50/block6/unit_1/bottleneck_v1/shortcut/BatchNorm/gamma exists
model/encoder/resnet_v1_50/block6/unit_1/bottleneck_v1/shortcut/BatchNorm/gamma exists
model/encoder/resnet_v1_50/block6/unit_1/bottleneck_v1/shortcut/BatchNorm/moving_mean exists
model/encoder/resnet_v1_50/block6/unit_1/bottleneck_v1/shortcut/BatchNorm/moving_mean exists
model/encoder/resnet_v1_50/block6/unit_1/bottleneck_v1/shortcut/BatchNorm/moving_variance exists
model/encoder/resnet_v1_50/block6/unit_1/bottleneck_v1/shortcut/BatchNorm/moving_variance exists
model/encoder/resnet_v1_50/block6/unit_1/bottleneck_v1/conv1/weights exists
model/encoder/resnet_v1_50/block6/unit_1/bottleneck_v1/conv1/weights exists
model/encoder/resnet_v1_50/block6/unit_1/bottleneck_v1/conv1/BatchNorm/beta exists
model/encoder/resnet_v1_50/block6/unit_1/bottleneck_v1/conv1/BatchNorm/beta exists
model/encoder/resnet_v1_50/block6/unit_1/bottleneck_v1/conv1/BatchNorm/gamma exists
model/encoder/resnet_v1_50/block6/unit_1/bottleneck_v1/conv1/BatchNorm/gamma exists
model/encoder/resnet_v1_50/block6/unit_1/bottleneck_v1/conv1/BatchNorm/moving_mean exists
model/encoder/resnet_v1_50/block6/unit_1/bottleneck_v1/conv1/BatchNorm/moving_mean exists
model/encoder/resnet_v1_50/block6/unit_1/bottleneck_v1/conv1/BatchNorm/moving_variance exists
model/encoder/resnet_v1_50/block6/unit_1/bottleneck_v1/conv1/BatchNorm/moving_variance exists
model/encoder/resnet_v1_50/block6/unit_1/bottleneck_v1/conv2/weights exists
model/encoder/resnet_v1_50/block6/unit_1/bottleneck_v1/conv2/weights exists
model/encoder/resnet_v1_50/block6/unit_1/bottleneck_v1/conv2/BatchNorm/beta exists
model/encoder/resnet_v1_50/block6/unit_1/bottleneck_v1/conv2/BatchNorm/beta exists
model/encoder/resnet_v1_50/block6/unit_1/bottleneck_v1/conv2/BatchNorm/gamma exists
model/encoder/resnet_v1_50/block6/unit_1/bottleneck_v1/conv2/BatchNorm/gamma exists
model/encoder/resnet_v1_50/block6/unit_1/bottleneck_v1/conv2/BatchNorm/moving_mean exists
model/encoder/resnet_v1_50/block6/unit_1/bottleneck_v1/conv2/BatchNorm/moving_mean exists
model/encoder/resnet_v1_50/block6/unit_1/bottleneck_v1/conv2/BatchNorm/moving_variance exists
model/encoder/resnet_v1_50/block6/unit_1/bottleneck_v1/conv2/BatchNorm/moving_variance exists
model/encoder/resnet_v1_50/block6/unit_1/bottleneck_v1/conv3/weights exists
model/encoder/resnet_v1_50/block6/unit_1/bottleneck_v1/conv3/weights exists
model/encoder/resnet_v1_50/block6/unit_1/bottleneck_v1/conv3/BatchNorm/beta exists
model/encoder/resnet_v1_50/block6/unit_1/bottleneck_v1/conv3/BatchNorm/beta exists
model/encoder/resnet_v1_50/block6/unit_1/bottleneck_v1/conv3/BatchNorm/gamma exists
model/encoder/resnet_v1_50/block6/unit_1/bottleneck_v1/conv3/BatchNorm/gamma exists
model/encoder/resnet_v1_50/block6/unit_1/bottleneck_v1/conv3/BatchNorm/moving_mean exists
model/encoder/resnet_v1_50/block6/unit_1/bottleneck_v1/conv3/BatchNorm/moving_mean exists
model/encoder/resnet_v1_50/block6/unit_1/bottleneck_v1/conv3/BatchNorm/moving_variance exists
model/encoder/resnet_v1_50/block6/unit_1/bottleneck_v1/conv3/BatchNorm/moving_variance exists
model/encoder/resnet_v1_50/block6/unit_2/bottleneck_v1/conv1/weights exists
model/encoder/resnet_v1_50/block6/unit_2/bottleneck_v1/conv1/weights exists
model/encoder/resnet_v1_50/block6/unit_2/bottleneck_v1/conv1/BatchNorm/beta exists
model/encoder/resnet_v1_50/block6/unit_2/bottleneck_v1/conv1/BatchNorm/beta exists
model/encoder/resnet_v1_50/block6/unit_2/bottleneck_v1/conv1/BatchNorm/gamma exists
model/encoder/resnet_v1_50/block6/unit_2/bottleneck_v1/conv1/BatchNorm/gamma exists
model/encoder/resnet_v1_50/block6/unit_2/bottleneck_v1/conv1/BatchNorm/moving_mean exists
model/encoder/resnet_v1_50/block6/unit_2/bottleneck_v1/conv1/BatchNorm/moving_mean exists
model/encoder/resnet_v1_50/block6/unit_2/bottleneck_v1/conv1/BatchNorm/moving_variance exists
model/encoder/resnet_v1_50/block6/unit_2/bottleneck_v1/conv1/BatchNorm/moving_variance exists
model/encoder/resnet_v1_50/block6/unit_2/bottleneck_v1/conv2/weights exists
model/encoder/resnet_v1_50/block6/unit_2/bottleneck_v1/conv2/weights exists
model/encoder/resnet_v1_50/block6/unit_2/bottleneck_v1/conv2/BatchNorm/beta exists
model/encoder/resnet_v1_50/block6/unit_2/bottleneck_v1/conv2/BatchNorm/beta exists
model/encoder/resnet_v1_50/block6/unit_2/bottleneck_v1/conv2/BatchNorm/gamma exists
model/encoder/resnet_v1_50/block6/unit_2/bottleneck_v1/conv2/BatchNorm/gamma exists
model/encoder/resnet_v1_50/block6/unit_2/bottleneck_v1/conv2/BatchNorm/moving_mean exists
model/encoder/resnet_v1_50/block6/unit_2/bottleneck_v1/conv2/BatchNorm/moving_mean exists
model/encoder/resnet_v1_50/block6/unit_2/bottleneck_v1/conv2/BatchNorm/moving_variance exists
model/encoder/resnet_v1_50/block6/unit_2/bottleneck_v1/conv2/BatchNorm/moving_variance exists
model/encoder/resnet_v1_50/block6/unit_2/bottleneck_v1/conv3/weights exists
model/encoder/resnet_v1_50/block6/unit_2/bottleneck_v1/conv3/weights exists
model/encoder/resnet_v1_50/block6/unit_2/bottleneck_v1/conv3/BatchNorm/beta exists
model/encoder/resnet_v1_50/block6/unit_2/bottleneck_v1/conv3/BatchNorm/beta exists
model/encoder/resnet_v1_50/block6/unit_2/bottleneck_v1/conv3/BatchNorm/gamma exists
model/encoder/resnet_v1_50/block6/unit_2/bottleneck_v1/conv3/BatchNorm/gamma exists
model/encoder/resnet_v1_50/block6/unit_2/bottleneck_v1/conv3/BatchNorm/moving_mean exists
model/encoder/resnet_v1_50/block6/unit_2/bottleneck_v1/conv3/BatchNorm/moving_mean exists
model/encoder/resnet_v1_50/block6/unit_2/bottleneck_v1/conv3/BatchNorm/moving_variance exists
model/encoder/resnet_v1_50/block6/unit_2/bottleneck_v1/conv3/BatchNorm/moving_variance exists
model/encoder/resnet_v1_50/block6/unit_3/bottleneck_v1/conv1/weights exists
model/encoder/resnet_v1_50/block6/unit_3/bottleneck_v1/conv1/weights exists
model/encoder/resnet_v1_50/block6/unit_3/bottleneck_v1/conv1/BatchNorm/beta exists
model/encoder/resnet_v1_50/block6/unit_3/bottleneck_v1/conv1/BatchNorm/beta exists
model/encoder/resnet_v1_50/block6/unit_3/bottleneck_v1/conv1/BatchNorm/gamma exists
model/encoder/resnet_v1_50/block6/unit_3/bottleneck_v1/conv1/BatchNorm/gamma exists
model/encoder/resnet_v1_50/block6/unit_3/bottleneck_v1/conv1/BatchNorm/moving_mean exists
model/encoder/resnet_v1_50/block6/unit_3/bottleneck_v1/conv1/BatchNorm/moving_mean exists
model/encoder/resnet_v1_50/block6/unit_3/bottleneck_v1/conv1/BatchNorm/moving_variance exists
model/encoder/resnet_v1_50/block6/unit_3/bottleneck_v1/conv1/BatchNorm/moving_variance exists
model/encoder/resnet_v1_50/block6/unit_3/bottleneck_v1/conv2/weights exists
model/encoder/resnet_v1_50/block6/unit_3/bottleneck_v1/conv2/weights exists
model/encoder/resnet_v1_50/block6/unit_3/bottleneck_v1/conv2/BatchNorm/beta exists
model/encoder/resnet_v1_50/block6/unit_3/bottleneck_v1/conv2/BatchNorm/beta exists
model/encoder/resnet_v1_50/block6/unit_3/bottleneck_v1/conv2/BatchNorm/gamma exists
model/encoder/resnet_v1_50/block6/unit_3/bottleneck_v1/conv2/BatchNorm/gamma exists
model/encoder/resnet_v1_50/block6/unit_3/bottleneck_v1/conv2/BatchNorm/moving_mean exists
model/encoder/resnet_v1_50/block6/unit_3/bottleneck_v1/conv2/BatchNorm/moving_mean exists
model/encoder/resnet_v1_50/block6/unit_3/bottleneck_v1/conv2/BatchNorm/moving_variance exists
model/encoder/resnet_v1_50/block6/unit_3/bottleneck_v1/conv2/BatchNorm/moving_variance exists
model/encoder/resnet_v1_50/block6/unit_3/bottleneck_v1/conv3/weights exists
model/encoder/resnet_v1_50/block6/unit_3/bottleneck_v1/conv3/weights exists
model/encoder/resnet_v1_50/block6/unit_3/bottleneck_v1/conv3/BatchNorm/beta exists
model/encoder/resnet_v1_50/block6/unit_3/bottleneck_v1/conv3/BatchNorm/beta exists
model/encoder/resnet_v1_50/block6/unit_3/bottleneck_v1/conv3/BatchNorm/gamma exists
model/encoder/resnet_v1_50/block6/unit_3/bottleneck_v1/conv3/BatchNorm/gamma exists
model/encoder/resnet_v1_50/block6/unit_3/bottleneck_v1/conv3/BatchNorm/moving_mean exists
model/encoder/resnet_v1_50/block6/unit_3/bottleneck_v1/conv3/BatchNorm/moving_mean exists
model/encoder/resnet_v1_50/block6/unit_3/bottleneck_v1/conv3/BatchNorm/moving_variance exists
model/encoder/resnet_v1_50/block6/unit_3/bottleneck_v1/conv3/BatchNorm/moving_variance exists
model/detection/decoder/M5/weights exists
model/detection/decoder/M5/weights exists
model/detection/decoder/M5/biases exists
model/detection/decoder/M5/biases exists
model/detection/decoder/M4/weights exists
model/detection/decoder/M4/weights exists
model/detection/decoder/M4/biases exists
model/detection/decoder/M4/biases exists
model/detection/decoder/M3/weights exists
model/detection/decoder/M3/weights exists
model/detection/decoder/M3/biases exists
model/detection/decoder/M3/biases exists
model/detection/decoder/P5/weights exists
model/detection/decoder/P5/weights exists
model/detection/decoder/P5/biases exists
model/detection/decoder/P5/biases exists
model/detection/decoder/P4/weights exists
model/detection/decoder/P4/weights exists
model/detection/decoder/P4/biases exists
model/detection/decoder/P4/biases exists
model/detection/decoder/P3/weights exists
model/detection/decoder/P3/weights exists
model/detection/decoder/P3/biases exists
model/detection/decoder/P3/biases exists
model/detection/decoder/P6/weights exists
model/detection/decoder/P6/weights exists
model/detection/decoder/P6/biases exists
model/detection/decoder/P6/biases exists
model/detection/decoder/P7/weights exists
model/detection/decoder/P7/weights exists
model/detection/decoder/P7/biases exists
model/detection/decoder/P7/biases exists
model/detection/decoder/BatchNorm/beta exists
model/detection/decoder/BatchNorm/beta exists
model/detection/decoder/BatchNorm/gamma exists
model/detection/decoder/BatchNorm/gamma exists
model/detection/decoder/BatchNorm/moving_mean exists
model/detection/decoder/BatchNorm/moving_mean exists
model/detection/decoder/BatchNorm/moving_variance exists
model/detection/decoder/BatchNorm/moving_variance exists
model/detection/decoder/BatchNorm_1/beta exists
model/detection/decoder/BatchNorm_1/beta exists
model/detection/decoder/BatchNorm_1/gamma exists
model/detection/decoder/BatchNorm_1/gamma exists
model/detection/decoder/BatchNorm_1/moving_mean exists
model/detection/decoder/BatchNorm_1/moving_mean exists
model/detection/decoder/BatchNorm_1/moving_variance exists
model/detection/decoder/BatchNorm_1/moving_variance exists
model/detection/decoder/BatchNorm_2/beta exists
model/detection/decoder/BatchNorm_2/beta exists
model/detection/decoder/BatchNorm_2/gamma exists
model/detection/decoder/BatchNorm_2/gamma exists
model/detection/decoder/BatchNorm_2/moving_mean exists
model/detection/decoder/BatchNorm_2/moving_mean exists
model/detection/decoder/BatchNorm_2/moving_variance exists
model/detection/decoder/BatchNorm_2/moving_variance exists
model/detection/decoder/BatchNorm_3/beta exists
model/detection/decoder/BatchNorm_3/beta exists
model/detection/decoder/BatchNorm_3/gamma exists
model/detection/decoder/BatchNorm_3/gamma exists
model/detection/decoder/BatchNorm_3/moving_mean exists
model/detection/decoder/BatchNorm_3/moving_mean exists
model/detection/decoder/BatchNorm_3/moving_variance exists
model/detection/decoder/BatchNorm_3/moving_variance exists
model/detection/decoder/BatchNorm_4/beta exists
model/detection/decoder/BatchNorm_4/beta exists
model/detection/decoder/BatchNorm_4/gamma exists
model/detection/decoder/BatchNorm_4/gamma exists
model/detection/decoder/BatchNorm_4/moving_mean exists
model/detection/decoder/BatchNorm_4/moving_mean exists
model/detection/decoder/BatchNorm_4/moving_variance exists
model/detection/decoder/BatchNorm_4/moving_variance exists
model/detection/decoder/P3-up/weights exists
model/detection/decoder/P3-up/weights exists
model/detection/decoder/P3-up/biases exists
model/detection/decoder/P3-up/biases exists
model/detection/decoder/P4-up/weights exists
model/detection/decoder/P4-up/weights exists
model/detection/decoder/P4-up/biases exists
model/detection/decoder/P4-up/biases exists
model/detection/decoder/P5-up/weights exists
model/detection/decoder/P5-up/weights exists
model/detection/decoder/P5-up/biases exists
model/detection/decoder/P5-up/biases exists
model/detection/decoder/P6-up/weights exists
model/detection/decoder/P6-up/weights exists
model/detection/decoder/P6-up/biases exists
model/detection/decoder/P6-up/biases exists
model/dgist_tl/decoder/head/conv1/weights exists
model/dgist_tl/decoder/head/conv1/weights exists
model/dgist_tl/decoder/head/conv1/biases exists
model/dgist_tl/decoder/head/conv1/biases exists
model/dgist_tl/decoder/head/conv2/weights exists
model/dgist_tl/decoder/head/conv2/weights exists
model/dgist_tl/decoder/head/conv2/biases exists
model/dgist_tl/decoder/head/conv2/biases exists
model/dgist_tl/decoder/head/conv3/weights exists
model/dgist_tl/decoder/head/conv3/weights exists
model/dgist_tl/decoder/head/conv3/biases exists
model/dgist_tl/decoder/head/conv3/biases exists
model/dgist_tl/decoder/head/conv4/weights exists
model/dgist_tl/decoder/head/conv4/weights exists
model/dgist_tl/decoder/head/conv4/biases exists
model/dgist_tl/decoder/head/conv4/biases exists
model/dgist_tl/decoder/head/class_BN0/BatchNorm/beta exists
model/dgist_tl/decoder/head/class_BN0/BatchNorm/beta exists
model/dgist_tl/decoder/head/class_BN0/BatchNorm/gamma exists
model/dgist_tl/decoder/head/class_BN0/BatchNorm/gamma exists
model/dgist_tl/decoder/head/class_BN0/BatchNorm/moving_mean exists
model/dgist_tl/decoder/head/class_BN0/BatchNorm/moving_mean exists
model/dgist_tl/decoder/head/class_BN0/BatchNorm/moving_variance exists
model/dgist_tl/decoder/head/class_BN0/BatchNorm/moving_variance exists
model/dgist_tl/decoder/head/dgist_8/dense/kernel exists
model/dgist_tl/decoder/head/dgist_8/dense/kernel exists
model/dgist_tl/decoder/head/dgist_8/dense/bias exists
model/dgist_tl/decoder/head/dgist_8/dense/bias exists
model/dgist_tl/decoder/head/class_BN1/BatchNorm/beta exists
model/dgist_tl/decoder/head/class_BN1/BatchNorm/beta exists
model/dgist_tl/decoder/head/class_BN1/BatchNorm/gamma exists
model/dgist_tl/decoder/head/class_BN1/BatchNorm/gamma exists
model/dgist_tl/decoder/head/class_BN1/BatchNorm/moving_mean exists
model/dgist_tl/decoder/head/class_BN1/BatchNorm/moving_mean exists
model/dgist_tl/decoder/head/class_BN1/BatchNorm/moving_variance exists
model/dgist_tl/decoder/head/class_BN1/BatchNorm/moving_variance exists
model/dgist_tl/decoder/head/dgist_16/dense/kernel exists
model/dgist_tl/decoder/head/dgist_16/dense/kernel exists
model/dgist_tl/decoder/head/dgist_16/dense/bias exists
model/dgist_tl/decoder/head/dgist_16/dense/bias exists
model/dgist_tl/decoder/head/class_BN2/BatchNorm/beta exists
model/dgist_tl/decoder/head/class_BN2/BatchNorm/beta exists
model/dgist_tl/decoder/head/class_BN2/BatchNorm/gamma exists
model/dgist_tl/decoder/head/class_BN2/BatchNorm/gamma exists
model/dgist_tl/decoder/head/class_BN2/BatchNorm/moving_mean exists
model/dgist_tl/decoder/head/class_BN2/BatchNorm/moving_mean exists
model/dgist_tl/decoder/head/class_BN2/BatchNorm/moving_variance exists
model/dgist_tl/decoder/head/class_BN2/BatchNorm/moving_variance exists
model/dgist_tl/decoder/head/dgist_32/dense/kernel exists
model/dgist_tl/decoder/head/dgist_32/dense/kernel exists
model/dgist_tl/decoder/head/dgist_32/dense/bias exists
model/dgist_tl/decoder/head/dgist_32/dense/bias exists
model/dgist_tl/decoder/head/class_BN3/BatchNorm/beta exists
model/dgist_tl/decoder/head/class_BN3/BatchNorm/beta exists
model/dgist_tl/decoder/head/class_BN3/BatchNorm/gamma exists
model/dgist_tl/decoder/head/class_BN3/BatchNorm/gamma exists
model/dgist_tl/decoder/head/class_BN3/BatchNorm/moving_mean exists
model/dgist_tl/decoder/head/class_BN3/BatchNorm/moving_mean exists
model/dgist_tl/decoder/head/class_BN3/BatchNorm/moving_variance exists
model/dgist_tl/decoder/head/class_BN3/BatchNorm/moving_variance exists
model/dgist_tl/decoder/head/dgist_64/dense/kernel exists
model/dgist_tl/decoder/head/dgist_64/dense/kernel exists
model/dgist_tl/decoder/head/dgist_64/dense/bias exists
model/dgist_tl/decoder/head/dgist_64/dense/bias exists
model/dgist_tl/decoder/head/class_BN4/BatchNorm/beta exists
model/dgist_tl/decoder/head/class_BN4/BatchNorm/beta exists
model/dgist_tl/decoder/head/class_BN4/BatchNorm/gamma exists
model/dgist_tl/decoder/head/class_BN4/BatchNorm/gamma exists
model/dgist_tl/decoder/head/class_BN4/BatchNorm/moving_mean exists
model/dgist_tl/decoder/head/class_BN4/BatchNorm/moving_mean exists
model/dgist_tl/decoder/head/class_BN4/BatchNorm/moving_variance exists
model/dgist_tl/decoder/head/class_BN4/BatchNorm/moving_variance exists
model/dgist_tl/decoder/head/dgist_128/dense/kernel exists
model/dgist_tl/decoder/head/dgist_128/dense/kernel exists
model/dgist_tl/decoder/head/dgist_128/dense/bias exists
model/dgist_tl/decoder/head/dgist_128/dense/bias exists
model/dgist_tl/dense/kernel exists
model/dgist_tl/dense/kernel exists
model/dgist_tl/dense/bias exists
model/dgist_tl/dense/bias exists
WARNING:tensorflow:From /home/dgist/catkin_ws/src/dgist_trafficlight/src/DEFINE.py:41: The name tf.train.Saver is deprecated. Please use tf.compat.v1.train.Saver instead.

WARNING:tensorflow:From /usr/local/lib/python3.6/dist-packages/tensorflow/python/training/saver.py:1276: checkpoint_exists (from tensorflow.python.training.checkpoint_management) is deprecated and will be removed in a future version.
Instructions for updating:
Use standard file APIs to check for files with this prefix.
INFO:tensorflow:Restoring parameters from /home/dgist/catkin_ws/src/dgist_trafficlight/src/model/model-20000
[Weight restored.]